INFO - 2023-07-15 05:41:49 --> Session: Class initialized using 'CodeIgniter\Session\Handlers\FileHandler' driver.
CRITICAL - 2023-07-15 05:41:49 --> Undefined variable $dokter
in APPPATH\Views\pages\dokter.php on line 30.
 1 APPPATH\Views\pages\dokter.php(30): CodeIgniter\Debug\Exceptions->errorHandler(2, 'Undefined variable $dokter', 'C:\\xampp\\htdocs\\housepital\\app\\Views\\pages\\dokter.php', 30)
 2 SYSTEMPATH\View\View.php(213): include('C:\\xampp\\htdocs\\housepital\\app\\Views\\pages\\dokter.php')
 3 SYSTEMPATH\View\View.php(216): CodeIgniter\View\View->CodeIgniter\View\{closure}()
 4 SYSTEMPATH\Common.php(1184): CodeIgniter\View\View->render('pages/dokter', [], true)
 5 APPPATH\Controllers\Pages.php(13): view('pages/dokter', [...])
 6 SYSTEMPATH\CodeIgniter.php(934): App\Controllers\Pages->index()
 7 SYSTEMPATH\CodeIgniter.php(499): CodeIgniter\CodeIgniter->runController(Object(App\Controllers\Pages))
 8 SYSTEMPATH\CodeIgniter.php(368): CodeIgniter\CodeIgniter->handleRequest(null, Object(Config\Cache), false)
 9 FCPATH\index.php(67): CodeIgniter\CodeIgniter->run()
10 SYSTEMPATH\Commands\Server\rewrite.php(47): require_once('C:\\xampp\\htdocs\\housepital\\public\\index.php')
INFO - 2023-07-15 05:42:20 --> Session: Class initialized using 'CodeIgniter\Session\Handlers\FileHandler' driver.
INFO - 2023-07-15 05:44:07 --> Session: Class initialized using 'CodeIgniter\Session\Handlers\FileHandler' driver.
INFO - 2023-07-15 05:44:11 --> Session: Class initialized using 'CodeIgniter\Session\Handlers\FileHandler' driver.
INFO - 2023-07-15 05:44:15 --> Session: Class initialized using 'CodeIgniter\Session\Handlers\FileHandler' driver.
INFO - 2023-07-15 05:45:36 --> Session: Class initialized using 'CodeIgniter\Session\Handlers\FileHandler' driver.
INFO - 2023-07-15 05:45:58 --> Session: Class initialized using 'CodeIgniter\Session\Handlers\FileHandler' driver.
INFO - 2023-07-15 05:46:05 --> Session: Class initialized using 'CodeIgniter\Session\Handlers\FileHandler' driver.
INFO - 2023-07-15 05:46:10 --> Session: Class initialized using 'CodeIgniter\Session\Handlers\FileHandler' driver.
INFO - 2023-07-15 05:46:20 --> Session: Class initialized using 'CodeIgniter\Session\Handlers\FileHandler' driver.
INFO - 2023-07-15 05:47:52 --> Session: Class initialized using 'CodeIgniter\Session\Handlers\FileHandler' driver.
INFO - 2023-07-15 05:47:52 --> Session: Class initialized using 'CodeIgniter\Session\Handlers\FileHandler' driver.
INFO - 2023-07-15 05:58:46 --> Session: Class initialized using 'CodeIgniter\Session\Handlers\FileHandler' driver.
ERROR - 2023-07-15 06:27:28 --> mysqli_sql_exception: You have an error in your SQL syntax; check the manual that corresponds to your MariaDB server version for the right syntax to use near '(100) NOT NULL,
	`umur` VARCHAR(100) NOT NULL,
	`alamat` VARCHAR(100) NOT NUL...' at line 6 in C:\xampp\htdocs\housepital\system\Database\MySQLi\Connection.php:295
Stack trace:
#0 C:\xampp\htdocs\housepital\system\Database\MySQLi\Connection.php(295): mysqli->query('CREATE TABLE `p...', 0)
#1 C:\xampp\htdocs\housepital\system\Database\BaseConnection.php(692): CodeIgniter\Database\MySQLi\Connection->execute('CREATE TABLE `p...')
#2 C:\xampp\htdocs\housepital\system\Database\BaseConnection.php(606): CodeIgniter\Database\BaseConnection->simpleQuery('CREATE TABLE `p...')
#3 C:\xampp\htdocs\housepital\system\Database\Forge.php(546): CodeIgniter\Database\BaseConnection->query('CREATE TABLE `p...')
#4 C:\xampp\htdocs\housepital\app\Database\Migrations\2023-07-15-061252_Pasien.php(57): CodeIgniter\Database\Forge->createTable('pasien')
#5 C:\xampp\htdocs\housepital\system\Database\MigrationRunner.php(877): App\Database\Migrations\Pasien->up()
#6 C:\xampp\htdocs\housepital\system\Database\MigrationRunner.php(188): CodeIgniter\Database\MigrationRunner->migrate('up', Object(stdClass))
#7 C:\xampp\htdocs\housepital\system\Commands\Database\Migrate.php(84): CodeIgniter\Database\MigrationRunner->latest(NULL)
#8 C:\xampp\htdocs\housepital\system\CLI\Commands.php(65): CodeIgniter\Commands\Database\Migrate->run(Array)
#9 C:\xampp\htdocs\housepital\system\CLI\Console.php(37): CodeIgniter\CLI\Commands->run('migrate', Array)
#10 C:\xampp\htdocs\housepital\spark(97): CodeIgniter\CLI\Console->run()
#11 {main}
ERROR - 2023-07-15 06:30:08 --> mysqli_sql_exception: You have an error in your SQL syntax; check the manual that corresponds to your MariaDB server version for the right syntax to use near '(100) NOT NULL,
	`umur` VARCHAR(100) NOT NULL,
	`alamat` VARCHAR(100) NOT NUL...' at line 6 in C:\xampp\htdocs\housepital\system\Database\MySQLi\Connection.php:295
Stack trace:
#0 C:\xampp\htdocs\housepital\system\Database\MySQLi\Connection.php(295): mysqli->query('CREATE TABLE `p...', 0)
#1 C:\xampp\htdocs\housepital\system\Database\BaseConnection.php(692): CodeIgniter\Database\MySQLi\Connection->execute('CREATE TABLE `p...')
#2 C:\xampp\htdocs\housepital\system\Database\BaseConnection.php(606): CodeIgniter\Database\BaseConnection->simpleQuery('CREATE TABLE `p...')
#3 C:\xampp\htdocs\housepital\system\Database\Forge.php(546): CodeIgniter\Database\BaseConnection->query('CREATE TABLE `p...')
#4 C:\xampp\htdocs\housepital\app\Database\Migrations\2023-07-15-061252_Pasien.php(57): CodeIgniter\Database\Forge->createTable('pasien')
#5 C:\xampp\htdocs\housepital\system\Database\MigrationRunner.php(877): App\Database\Migrations\Pasien->up()
#6 C:\xampp\htdocs\housepital\system\Database\MigrationRunner.php(188): CodeIgniter\Database\MigrationRunner->migrate('up', Object(stdClass))
#7 C:\xampp\htdocs\housepital\system\Commands\Database\Migrate.php(84): CodeIgniter\Database\MigrationRunner->latest(NULL)
#8 C:\xampp\htdocs\housepital\system\CLI\Commands.php(65): CodeIgniter\Commands\Database\Migrate->run(Array)
#9 C:\xampp\htdocs\housepital\system\CLI\Console.php(37): CodeIgniter\CLI\Commands->run('migrate', Array)
#10 C:\xampp\htdocs\housepital\spark(97): CodeIgniter\CLI\Console->run()
#11 {main}
ERROR - 2023-07-15 06:32:06 --> mysqli_sql_exception: You have an error in your SQL syntax; check the manual that corresponds to your MariaDB server version for the right syntax to use near '(100) NOT NULL,
	`umur` VARCHAR(100) NOT NULL,
	`alamat` VARCHAR(100) NOT NUL...' at line 6 in C:\xampp\htdocs\housepital\system\Database\MySQLi\Connection.php:295
Stack trace:
#0 C:\xampp\htdocs\housepital\system\Database\MySQLi\Connection.php(295): mysqli->query('CREATE TABLE `p...', 0)
#1 C:\xampp\htdocs\housepital\system\Database\BaseConnection.php(692): CodeIgniter\Database\MySQLi\Connection->execute('CREATE TABLE `p...')
#2 C:\xampp\htdocs\housepital\system\Database\BaseConnection.php(606): CodeIgniter\Database\BaseConnection->simpleQuery('CREATE TABLE `p...')
#3 C:\xampp\htdocs\housepital\system\Database\Forge.php(546): CodeIgniter\Database\BaseConnection->query('CREATE TABLE `p...')
#4 C:\xampp\htdocs\housepital\app\Database\Migrations\2023-07-15-061252_Pasien.php(57): CodeIgniter\Database\Forge->createTable('pasien')
#5 C:\xampp\htdocs\housepital\system\Database\MigrationRunner.php(877): App\Database\Migrations\Pasien->up()
#6 C:\xampp\htdocs\housepital\system\Database\MigrationRunner.php(188): CodeIgniter\Database\MigrationRunner->migrate('up', Object(stdClass))
#7 C:\xampp\htdocs\housepital\system\Commands\Database\Migrate.php(84): CodeIgniter\Database\MigrationRunner->latest(NULL)
#8 C:\xampp\htdocs\housepital\system\CLI\Commands.php(65): CodeIgniter\Commands\Database\Migrate->run(Array)
#9 C:\xampp\htdocs\housepital\system\CLI\Console.php(37): CodeIgniter\CLI\Commands->run('migrate', Array)
#10 C:\xampp\htdocs\housepital\spark(97): CodeIgniter\CLI\Console->run()
#11 {main}
ERROR - 2023-07-15 06:34:47 --> mysqli_sql_exception: You have an error in your SQL syntax; check the manual that corresponds to your MariaDB server version for the right syntax to use near '(100) NOT NULL,
	`umur` VARCHAR(100) NOT NULL,
	`alamat` VARCHAR(100) NOT NUL...' at line 6 in C:\xampp\htdocs\housepital\system\Database\MySQLi\Connection.php:295
Stack trace:
#0 C:\xampp\htdocs\housepital\system\Database\MySQLi\Connection.php(295): mysqli->query('CREATE TABLE `p...', 0)
#1 C:\xampp\htdocs\housepital\system\Database\BaseConnection.php(692): CodeIgniter\Database\MySQLi\Connection->execute('CREATE TABLE `p...')
#2 C:\xampp\htdocs\housepital\system\Database\BaseConnection.php(606): CodeIgniter\Database\BaseConnection->simpleQuery('CREATE TABLE `p...')
#3 C:\xampp\htdocs\housepital\system\Database\Forge.php(546): CodeIgniter\Database\BaseConnection->query('CREATE TABLE `p...')
#4 C:\xampp\htdocs\housepital\app\Database\Migrations\2023-07-15-061252_Pasien.php(57): CodeIgniter\Database\Forge->createTable('pasien')
#5 C:\xampp\htdocs\housepital\system\Database\MigrationRunner.php(877): App\Database\Migrations\Pasien->up()
#6 C:\xampp\htdocs\housepital\system\Database\MigrationRunner.php(188): CodeIgniter\Database\MigrationRunner->migrate('up', Object(stdClass))
#7 C:\xampp\htdocs\housepital\system\Commands\Database\Migrate.php(84): CodeIgniter\Database\MigrationRunner->latest(NULL)
#8 C:\xampp\htdocs\housepital\system\CLI\Commands.php(65): CodeIgniter\Commands\Database\Migrate->run(Array)
#9 C:\xampp\htdocs\housepital\system\CLI\Console.php(37): CodeIgniter\CLI\Commands->run('migrate', Array)
#10 C:\xampp\htdocs\housepital\spark(97): CodeIgniter\CLI\Console->run()
#11 {main}
ERROR - 2023-07-15 06:37:31 --> mysqli_sql_exception: You have an error in your SQL syntax; check the manual that corresponds to your MariaDB server version for the right syntax to use near '(100) NOT NULL,
	`umur` VARCHAR(100) NOT NULL,
	`alamat` VARCHAR(255) NOT NUL...' at line 6 in C:\xampp\htdocs\housepital\system\Database\MySQLi\Connection.php:295
Stack trace:
#0 C:\xampp\htdocs\housepital\system\Database\MySQLi\Connection.php(295): mysqli->query('CREATE TABLE `p...', 0)
#1 C:\xampp\htdocs\housepital\system\Database\BaseConnection.php(692): CodeIgniter\Database\MySQLi\Connection->execute('CREATE TABLE `p...')
#2 C:\xampp\htdocs\housepital\system\Database\BaseConnection.php(606): CodeIgniter\Database\BaseConnection->simpleQuery('CREATE TABLE `p...')
#3 C:\xampp\htdocs\housepital\system\Database\Forge.php(546): CodeIgniter\Database\BaseConnection->query('CREATE TABLE `p...')
#4 C:\xampp\htdocs\housepital\app\Database\Migrations\2023-07-15-061252_Pasien.php(57): CodeIgniter\Database\Forge->createTable('pasien')
#5 C:\xampp\htdocs\housepital\system\Database\MigrationRunner.php(877): App\Database\Migrations\Pasien->up()
#6 C:\xampp\htdocs\housepital\system\Database\MigrationRunner.php(188): CodeIgniter\Database\MigrationRunner->migrate('up', Object(stdClass))
#7 C:\xampp\htdocs\housepital\system\Commands\Database\Migrate.php(84): CodeIgniter\Database\MigrationRunner->latest(NULL)
#8 C:\xampp\htdocs\housepital\system\CLI\Commands.php(65): CodeIgniter\Commands\Database\Migrate->run(Array)
#9 C:\xampp\htdocs\housepital\system\CLI\Console.php(37): CodeIgniter\CLI\Commands->run('migrate', Array)
#10 C:\xampp\htdocs\housepital\spark(97): CodeIgniter\CLI\Console->run()
#11 {main}
ERROR - 2023-07-15 06:45:20 --> mysqli_sql_exception: You have an error in your SQL syntax; check the manual that corresponds to your MariaDB server version for the right syntax to use near '(100) NOT NULL,
	`umur` VARCHAR(100) NOT NULL,
	`alamat` VARCHAR(255) NOT NUL...' at line 6 in C:\xampp\htdocs\housepital\system\Database\MySQLi\Connection.php:295
Stack trace:
#0 C:\xampp\htdocs\housepital\system\Database\MySQLi\Connection.php(295): mysqli->query('CREATE TABLE `p...', 0)
#1 C:\xampp\htdocs\housepital\system\Database\BaseConnection.php(692): CodeIgniter\Database\MySQLi\Connection->execute('CREATE TABLE `p...')
#2 C:\xampp\htdocs\housepital\system\Database\BaseConnection.php(606): CodeIgniter\Database\BaseConnection->simpleQuery('CREATE TABLE `p...')
#3 C:\xampp\htdocs\housepital\system\Database\Forge.php(546): CodeIgniter\Database\BaseConnection->query('CREATE TABLE `p...')
#4 C:\xampp\htdocs\housepital\app\Database\Migrations\2023-07-15-061252_Pasien.php(57): CodeIgniter\Database\Forge->createTable('pasien')
#5 C:\xampp\htdocs\housepital\system\Database\MigrationRunner.php(877): App\Database\Migrations\Pasien->up()
#6 C:\xampp\htdocs\housepital\system\Database\MigrationRunner.php(188): CodeIgniter\Database\MigrationRunner->migrate('up', Object(stdClass))
#7 C:\xampp\htdocs\housepital\system\Commands\Database\Migrate.php(84): CodeIgniter\Database\MigrationRunner->latest(NULL)
#8 C:\xampp\htdocs\housepital\system\CLI\Commands.php(65): CodeIgniter\Commands\Database\Migrate->run(Array)
#9 C:\xampp\htdocs\housepital\system\CLI\Console.php(37): CodeIgniter\CLI\Commands->run('migrate', Array)
#10 C:\xampp\htdocs\housepital\spark(97): CodeIgniter\CLI\Console->run()
#11 {main}
ERROR - 2023-07-15 06:47:09 --> mysqli_sql_exception: You have an error in your SQL syntax; check the manual that corresponds to your MariaDB server version for the right syntax to use near '(100) NULL,
	`umur` VARCHAR(100) NULL,
	`alamat` VARCHAR(255) NULL,
	`created...' at line 6 in C:\xampp\htdocs\housepital\system\Database\MySQLi\Connection.php:295
Stack trace:
#0 C:\xampp\htdocs\housepital\system\Database\MySQLi\Connection.php(295): mysqli->query('CREATE TABLE `p...', 0)
#1 C:\xampp\htdocs\housepital\system\Database\BaseConnection.php(692): CodeIgniter\Database\MySQLi\Connection->execute('CREATE TABLE `p...')
#2 C:\xampp\htdocs\housepital\system\Database\BaseConnection.php(606): CodeIgniter\Database\BaseConnection->simpleQuery('CREATE TABLE `p...')
#3 C:\xampp\htdocs\housepital\system\Database\Forge.php(546): CodeIgniter\Database\BaseConnection->query('CREATE TABLE `p...')
#4 C:\xampp\htdocs\housepital\app\Database\Migrations\2023-07-15-061252_Pasien.php(63): CodeIgniter\Database\Forge->createTable('pasien')
#5 C:\xampp\htdocs\housepital\system\Database\MigrationRunner.php(877): App\Database\Migrations\Pasien->up()
#6 C:\xampp\htdocs\housepital\system\Database\MigrationRunner.php(188): CodeIgniter\Database\MigrationRunner->migrate('up', Object(stdClass))
#7 C:\xampp\htdocs\housepital\system\Commands\Database\Migrate.php(84): CodeIgniter\Database\MigrationRunner->latest(NULL)
#8 C:\xampp\htdocs\housepital\system\CLI\Commands.php(65): CodeIgniter\Commands\Database\Migrate->run(Array)
#9 C:\xampp\htdocs\housepital\system\CLI\Console.php(37): CodeIgniter\CLI\Commands->run('migrate', Array)
#10 C:\xampp\htdocs\housepital\spark(97): CodeIgniter\CLI\Console->run()
#11 {main}
ERROR - 2023-07-15 06:49:14 --> mysqli_sql_exception: Table 'orang' already exists in C:\xampp\htdocs\housepital\system\Database\MySQLi\Connection.php:295
Stack trace:
#0 C:\xampp\htdocs\housepital\system\Database\MySQLi\Connection.php(295): mysqli->query('CREATE TABLE `o...', 0)
#1 C:\xampp\htdocs\housepital\system\Database\BaseConnection.php(692): CodeIgniter\Database\MySQLi\Connection->execute('CREATE TABLE `o...')
#2 C:\xampp\htdocs\housepital\system\Database\BaseConnection.php(606): CodeIgniter\Database\BaseConnection->simpleQuery('CREATE TABLE `o...')
#3 C:\xampp\htdocs\housepital\system\Database\Forge.php(546): CodeIgniter\Database\BaseConnection->query('CREATE TABLE `o...')
#4 C:\xampp\htdocs\housepital\app\Database\Migrations\2023-07-13-075142_Orang.php(40): CodeIgniter\Database\Forge->createTable('orang')
#5 C:\xampp\htdocs\housepital\system\Database\MigrationRunner.php(877): App\Database\Migrations\Orang->up()
#6 C:\xampp\htdocs\housepital\system\Database\MigrationRunner.php(188): CodeIgniter\Database\MigrationRunner->migrate('up', Object(stdClass))
#7 C:\xampp\htdocs\housepital\system\Commands\Database\Migrate.php(84): CodeIgniter\Database\MigrationRunner->latest(NULL)
#8 C:\xampp\htdocs\housepital\system\CLI\Commands.php(65): CodeIgniter\Commands\Database\Migrate->run(Array)
#9 C:\xampp\htdocs\housepital\system\CLI\Console.php(37): CodeIgniter\CLI\Commands->run('migrate', Array)
#10 C:\xampp\htdocs\housepital\spark(97): CodeIgniter\CLI\Console->run()
#11 {main}
ERROR - 2023-07-15 06:50:02 --> mysqli_sql_exception: Table 'orang' already exists in C:\xampp\htdocs\housepital\system\Database\MySQLi\Connection.php:295
Stack trace:
#0 C:\xampp\htdocs\housepital\system\Database\MySQLi\Connection.php(295): mysqli->query('CREATE TABLE `o...', 0)
#1 C:\xampp\htdocs\housepital\system\Database\BaseConnection.php(692): CodeIgniter\Database\MySQLi\Connection->execute('CREATE TABLE `o...')
#2 C:\xampp\htdocs\housepital\system\Database\BaseConnection.php(606): CodeIgniter\Database\BaseConnection->simpleQuery('CREATE TABLE `o...')
#3 C:\xampp\htdocs\housepital\system\Database\Forge.php(546): CodeIgniter\Database\BaseConnection->query('CREATE TABLE `o...')
#4 C:\xampp\htdocs\housepital\app\Database\Migrations\2023-07-13-075142_Orang.php(40): CodeIgniter\Database\Forge->createTable('orang')
#5 C:\xampp\htdocs\housepital\system\Database\MigrationRunner.php(877): App\Database\Migrations\Orang->up()
#6 C:\xampp\htdocs\housepital\system\Database\MigrationRunner.php(188): CodeIgniter\Database\MigrationRunner->migrate('up', Object(stdClass))
#7 C:\xampp\htdocs\housepital\system\Commands\Database\Migrate.php(84): CodeIgniter\Database\MigrationRunner->latest(NULL)
#8 C:\xampp\htdocs\housepital\system\CLI\Commands.php(65): CodeIgniter\Commands\Database\Migrate->run(Array)
#9 C:\xampp\htdocs\housepital\system\CLI\Console.php(37): CodeIgniter\CLI\Commands->run('migrate', Array)
#10 C:\xampp\htdocs\housepital\spark(97): CodeIgniter\CLI\Console->run()
#11 {main}
ERROR - 2023-07-15 06:50:56 --> mysqli_sql_exception: You have an error in your SQL syntax; check the manual that corresponds to your MariaDB server version for the right syntax to use near '(100) NULL,
	`umur` VARCHAR(100) NULL,
	`alamat` VARCHAR(255) NULL,
	`created...' at line 6 in C:\xampp\htdocs\housepital\system\Database\MySQLi\Connection.php:295
Stack trace:
#0 C:\xampp\htdocs\housepital\system\Database\MySQLi\Connection.php(295): mysqli->query('CREATE TABLE `p...', 0)
#1 C:\xampp\htdocs\housepital\system\Database\BaseConnection.php(692): CodeIgniter\Database\MySQLi\Connection->execute('CREATE TABLE `p...')
#2 C:\xampp\htdocs\housepital\system\Database\BaseConnection.php(606): CodeIgniter\Database\BaseConnection->simpleQuery('CREATE TABLE `p...')
#3 C:\xampp\htdocs\housepital\system\Database\Forge.php(546): CodeIgniter\Database\BaseConnection->query('CREATE TABLE `p...')
#4 C:\xampp\htdocs\housepital\app\Database\Migrations\2023-07-15-061252_Pasien.php(63): CodeIgniter\Database\Forge->createTable('pasien')
#5 C:\xampp\htdocs\housepital\system\Database\MigrationRunner.php(877): App\Database\Migrations\Pasien->up()
#6 C:\xampp\htdocs\housepital\system\Database\MigrationRunner.php(188): CodeIgniter\Database\MigrationRunner->migrate('up', Object(stdClass))
#7 C:\xampp\htdocs\housepital\system\Commands\Database\Migrate.php(84): CodeIgniter\Database\MigrationRunner->latest(NULL)
#8 C:\xampp\htdocs\housepital\system\CLI\Commands.php(65): CodeIgniter\Commands\Database\Migrate->run(Array)
#9 C:\xampp\htdocs\housepital\system\CLI\Console.php(37): CodeIgniter\CLI\Commands->run('migrate', Array)
#10 C:\xampp\htdocs\housepital\spark(97): CodeIgniter\CLI\Console->run()
#11 {main}
ERROR - 2023-07-15 06:56:00 --> mysqli_sql_exception: You have an error in your SQL syntax; check the manual that corresponds to your MariaDB server version for the right syntax to use near '(255) NOT NULL,
	`umur` VARCHAR(255) NOT NULL,
	`alamat` VARCHAR(255) NOT NUL...' at line 6 in C:\xampp\htdocs\housepital\system\Database\MySQLi\Connection.php:295
Stack trace:
#0 C:\xampp\htdocs\housepital\system\Database\MySQLi\Connection.php(295): mysqli->query('CREATE TABLE `p...', 0)
#1 C:\xampp\htdocs\housepital\system\Database\BaseConnection.php(692): CodeIgniter\Database\MySQLi\Connection->execute('CREATE TABLE `p...')
#2 C:\xampp\htdocs\housepital\system\Database\BaseConnection.php(606): CodeIgniter\Database\BaseConnection->simpleQuery('CREATE TABLE `p...')
#3 C:\xampp\htdocs\housepital\system\Database\Forge.php(546): CodeIgniter\Database\BaseConnection->query('CREATE TABLE `p...')
#4 C:\xampp\htdocs\housepital\app\Database\Migrations\2023-07-15-061252_Pasien.php(63): CodeIgniter\Database\Forge->createTable('pasien')
#5 C:\xampp\htdocs\housepital\system\Database\MigrationRunner.php(877): App\Database\Migrations\Pasien->up()
#6 C:\xampp\htdocs\housepital\system\Database\MigrationRunner.php(188): CodeIgniter\Database\MigrationRunner->migrate('up', Object(stdClass))
#7 C:\xampp\htdocs\housepital\system\Commands\Database\Migrate.php(84): CodeIgniter\Database\MigrationRunner->latest(NULL)
#8 C:\xampp\htdocs\housepital\system\CLI\Commands.php(65): CodeIgniter\Commands\Database\Migrate->run(Array)
#9 C:\xampp\htdocs\housepital\system\CLI\Console.php(37): CodeIgniter\CLI\Commands->run('migrate', Array)
#10 C:\xampp\htdocs\housepital\spark(97): CodeIgniter\CLI\Console->run()
#11 {main}
ERROR - 2023-07-15 06:57:34 --> mysqli_sql_exception: You have an error in your SQL syntax; check the manual that corresponds to your MariaDB server version for the right syntax to use near '(255) NOT NULL,
	`umur` VARCHAR(255) NOT NULL,
	`alamat` VARCHAR(255) NOT NUL...' at line 6 in C:\xampp\htdocs\housepital\system\Database\MySQLi\Connection.php:295
Stack trace:
#0 C:\xampp\htdocs\housepital\system\Database\MySQLi\Connection.php(295): mysqli->query('CREATE TABLE `p...', 0)
#1 C:\xampp\htdocs\housepital\system\Database\BaseConnection.php(692): CodeIgniter\Database\MySQLi\Connection->execute('CREATE TABLE `p...')
#2 C:\xampp\htdocs\housepital\system\Database\BaseConnection.php(606): CodeIgniter\Database\BaseConnection->simpleQuery('CREATE TABLE `p...')
#3 C:\xampp\htdocs\housepital\system\Database\Forge.php(546): CodeIgniter\Database\BaseConnection->query('CREATE TABLE `p...')
#4 C:\xampp\htdocs\housepital\app\Database\Migrations\2023-07-15-061252_Pasien.php(63): CodeIgniter\Database\Forge->createTable('pasien')
#5 C:\xampp\htdocs\housepital\system\Database\MigrationRunner.php(877): App\Database\Migrations\Pasien->up()
#6 C:\xampp\htdocs\housepital\system\Database\MigrationRunner.php(188): CodeIgniter\Database\MigrationRunner->migrate('up', Object(stdClass))
#7 C:\xampp\htdocs\housepital\system\Commands\Database\Migrate.php(84): CodeIgniter\Database\MigrationRunner->latest(NULL)
#8 C:\xampp\htdocs\housepital\system\CLI\Commands.php(65): CodeIgniter\Commands\Database\Migrate->run(Array)
#9 C:\xampp\htdocs\housepital\system\CLI\Console.php(37): CodeIgniter\CLI\Commands->run('migrate', Array)
#10 C:\xampp\htdocs\housepital\spark(97): CodeIgniter\CLI\Console->run()
#11 {main}
ERROR - 2023-07-15 07:03:23 --> mysqli_sql_exception: You have an error in your SQL syntax; check the manual that corresponds to your MariaDB server version for the right syntax to use near '(255) NOT NULL,
	`umur` VARCHAR(255) NOT NULL,
	`alamat` VARCHAR(255) NOT NUL...' at line 6 in C:\xampp\htdocs\housepital\system\Database\MySQLi\Connection.php:295
Stack trace:
#0 C:\xampp\htdocs\housepital\system\Database\MySQLi\Connection.php(295): mysqli->query('CREATE TABLE `p...', 0)
#1 C:\xampp\htdocs\housepital\system\Database\BaseConnection.php(692): CodeIgniter\Database\MySQLi\Connection->execute('CREATE TABLE `p...')
#2 C:\xampp\htdocs\housepital\system\Database\BaseConnection.php(606): CodeIgniter\Database\BaseConnection->simpleQuery('CREATE TABLE `p...')
#3 C:\xampp\htdocs\housepital\system\Database\Forge.php(546): CodeIgniter\Database\BaseConnection->query('CREATE TABLE `p...')
#4 C:\xampp\htdocs\housepital\app\Database\Migrations\2023-07-15-061252_Pasien.php(63): CodeIgniter\Database\Forge->createTable('pasien')
#5 C:\xampp\htdocs\housepital\system\Database\MigrationRunner.php(877): App\Database\Migrations\Pasien->up()
#6 C:\xampp\htdocs\housepital\system\Database\MigrationRunner.php(188): CodeIgniter\Database\MigrationRunner->migrate('up', Object(stdClass))
#7 C:\xampp\htdocs\housepital\system\Commands\Database\Migrate.php(84): CodeIgniter\Database\MigrationRunner->latest(NULL)
#8 C:\xampp\htdocs\housepital\system\CLI\Commands.php(65): CodeIgniter\Commands\Database\Migrate->run(Array)
#9 C:\xampp\htdocs\housepital\system\CLI\Console.php(37): CodeIgniter\CLI\Commands->run('migrate', Array)
#10 C:\xampp\htdocs\housepital\spark(97): CodeIgniter\CLI\Console->run()
#11 {main}
ERROR - 2023-07-15 09:41:14 --> mysqli_sql_exception: You have an error in your SQL syntax; check the manual that corresponds to your MariaDB server version for the right syntax to use near '(255) NOT NULL,
	`umur` VARCHAR(255) NOT NULL,
	`alamat` VARCHAR(255) NOT NUL...' at line 6 in C:\xampp\htdocs\housepital\system\Database\MySQLi\Connection.php:295
Stack trace:
#0 C:\xampp\htdocs\housepital\system\Database\MySQLi\Connection.php(295): mysqli->query('CREATE TABLE `p...', 0)
#1 C:\xampp\htdocs\housepital\system\Database\BaseConnection.php(692): CodeIgniter\Database\MySQLi\Connection->execute('CREATE TABLE `p...')
#2 C:\xampp\htdocs\housepital\system\Database\BaseConnection.php(606): CodeIgniter\Database\BaseConnection->simpleQuery('CREATE TABLE `p...')
#3 C:\xampp\htdocs\housepital\system\Database\Forge.php(546): CodeIgniter\Database\BaseConnection->query('CREATE TABLE `p...')
#4 C:\xampp\htdocs\housepital\app\Database\Migrations\2023-07-15-061252_Pasien.php(53): CodeIgniter\Database\Forge->createTable('pasien')
#5 C:\xampp\htdocs\housepital\system\Database\MigrationRunner.php(877): App\Database\Migrations\Pasien->up()
#6 C:\xampp\htdocs\housepital\system\Database\MigrationRunner.php(188): CodeIgniter\Database\MigrationRunner->migrate('up', Object(stdClass))
#7 C:\xampp\htdocs\housepital\system\Commands\Database\Migrate.php(84): CodeIgniter\Database\MigrationRunner->latest(NULL)
#8 C:\xampp\htdocs\housepital\system\CLI\Commands.php(65): CodeIgniter\Commands\Database\Migrate->run(Array)
#9 C:\xampp\htdocs\housepital\system\CLI\Console.php(37): CodeIgniter\CLI\Commands->run('migrate', Array)
#10 C:\xampp\htdocs\housepital\spark(97): CodeIgniter\CLI\Console->run()
#11 {main}
ERROR - 2023-07-15 09:43:26 --> mysqli_sql_exception: You have an error in your SQL syntax; check the manual that corresponds to your MariaDB server version for the right syntax to use near '(255) NOT NULL,
	`umur` VARCHAR(255) NOT NULL,
	`alamat` VARCHAR(255) NOT NUL...' at line 6 in C:\xampp\htdocs\housepital\system\Database\MySQLi\Connection.php:295
Stack trace:
#0 C:\xampp\htdocs\housepital\system\Database\MySQLi\Connection.php(295): mysqli->query('CREATE TABLE `p...', 0)
#1 C:\xampp\htdocs\housepital\system\Database\BaseConnection.php(692): CodeIgniter\Database\MySQLi\Connection->execute('CREATE TABLE `p...')
#2 C:\xampp\htdocs\housepital\system\Database\BaseConnection.php(606): CodeIgniter\Database\BaseConnection->simpleQuery('CREATE TABLE `p...')
#3 C:\xampp\htdocs\housepital\system\Database\Forge.php(546): CodeIgniter\Database\BaseConnection->query('CREATE TABLE `p...')
#4 C:\xampp\htdocs\housepital\app\Database\Migrations\2023-07-15-061252_Pasien.php(53): CodeIgniter\Database\Forge->createTable('pasien')
#5 C:\xampp\htdocs\housepital\system\Database\MigrationRunner.php(877): App\Database\Migrations\Pasien->up()
#6 C:\xampp\htdocs\housepital\system\Database\MigrationRunner.php(188): CodeIgniter\Database\MigrationRunner->migrate('up', Object(stdClass))
#7 C:\xampp\htdocs\housepital\system\Commands\Database\Migrate.php(84): CodeIgniter\Database\MigrationRunner->latest(NULL)
#8 C:\xampp\htdocs\housepital\system\CLI\Commands.php(65): CodeIgniter\Commands\Database\Migrate->run(Array)
#9 C:\xampp\htdocs\housepital\system\CLI\Console.php(37): CodeIgniter\CLI\Commands->run('migrate', Array)
#10 C:\xampp\htdocs\housepital\spark(97): CodeIgniter\CLI\Console->run()
#11 {main}
CRITICAL - 2023-07-15 15:52:40 --> Invalid file: "pages/dokter.php"
in SYSTEMPATH\Exceptions\FrameworkException.php on line 33.
 1 SYSTEMPATH\View\View.php(201): CodeIgniter\Exceptions\FrameworkException::forInvalidFile('pages/dokter.php')
 2 SYSTEMPATH\Common.php(1184): CodeIgniter\View\View->render('pages/dokter', [], true)
 3 APPPATH\Controllers\Pages.php(13): view('pages/dokter', [...])
 4 SYSTEMPATH\CodeIgniter.php(934): App\Controllers\Pages->index()
 5 SYSTEMPATH\CodeIgniter.php(499): CodeIgniter\CodeIgniter->runController(Object(App\Controllers\Pages))
 6 SYSTEMPATH\CodeIgniter.php(368): CodeIgniter\CodeIgniter->handleRequest(null, Object(Config\Cache), false)
 7 FCPATH\index.php(67): CodeIgniter\CodeIgniter->run()
 8 SYSTEMPATH\Commands\Server\rewrite.php(47): require_once('C:\\xampp\\htdocs\\housepital\\public\\index.php')
INFO - 2023-07-15 15:52:53 --> Session: Class initialized using 'CodeIgniter\Session\Handlers\FileHandler' driver.
INFO - 2023-07-15 15:53:11 --> Session: Class initialized using 'CodeIgniter\Session\Handlers\FileHandler' driver.
INFO - 2023-07-15 15:54:53 --> Session: Class initialized using 'CodeIgniter\Session\Handlers\FileHandler' driver.
INFO - 2023-07-15 15:54:53 --> Session: Class initialized using 'CodeIgniter\Session\Handlers\FileHandler' driver.
INFO - 2023-07-15 16:42:05 --> Session: Class initialized using 'CodeIgniter\Session\Handlers\FileHandler' driver.
INFO - 2023-07-15 16:42:18 --> Session: Class initialized using 'CodeIgniter\Session\Handlers\FileHandler' driver.
INFO - 2023-07-15 16:54:21 --> Session: Class initialized using 'CodeIgniter\Session\Handlers\FileHandler' driver.
INFO - 2023-07-15 17:36:02 --> Session: Class initialized using 'CodeIgniter\Session\Handlers\FileHandler' driver.
INFO - 2023-07-15 18:18:15 --> Session: Class initialized using 'CodeIgniter\Session\Handlers\FileHandler' driver.
INFO - 2023-07-15 18:25:08 --> Session: Class initialized using 'CodeIgniter\Session\Handlers\FileHandler' driver.
INFO - 2023-07-15 18:27:55 --> Session: Class initialized using 'CodeIgniter\Session\Handlers\FileHandler' driver.
INFO - 2023-07-15 18:28:22 --> Session: Class initialized using 'CodeIgniter\Session\Handlers\FileHandler' driver.
INFO - 2023-07-15 18:42:40 --> Session: Class initialized using 'CodeIgniter\Session\Handlers\FileHandler' driver.
INFO - 2023-07-15 18:42:45 --> Session: Class initialized using 'CodeIgniter\Session\Handlers\FileHandler' driver.
INFO - 2023-07-15 18:45:45 --> Session: Class initialized using 'CodeIgniter\Session\Handlers\FileHandler' driver.
INFO - 2023-07-15 18:46:14 --> Session: Class initialized using 'CodeIgniter\Session\Handlers\FileHandler' driver.
