CRITICAL - 2023-06-12 14:54:45 --> Trying to access array offset on value of type null
in APPPATH\Views\komik\detail.php on line 11.
 1 APPPATH\Views\komik\detail.php(11): CodeIgniter\Debug\Exceptions->errorHandler(2, 'Trying to access array offset on value of type null', 'C:\\xampp\\htdocs\\ci4api\\app\\Views\\komik\\detail.php', 11)
 2 SYSTEMPATH\View\View.php(213): include('C:\\xampp\\htdocs\\ci4api\\app\\Views\\komik\\detail.php')
 3 SYSTEMPATH\View\View.php(216): CodeIgniter\View\View->CodeIgniter\View\{closure}()
 4 SYSTEMPATH\Common.php(1184): CodeIgniter\View\View->render('komik/detail', [], true)
 5 APPPATH\Controllers\Komik.php(36): view('komik/detail', [...])
 6 SYSTEMPATH\CodeIgniter.php(934): App\Controllers\Komik->detail('create')
 7 SYSTEMPATH\CodeIgniter.php(499): CodeIgniter\CodeIgniter->runController(Object(App\Controllers\Komik))
 8 SYSTEMPATH\CodeIgniter.php(368): CodeIgniter\CodeIgniter->handleRequest(null, Object(Config\Cache), false)
 9 FCPATH\index.php(67): CodeIgniter\CodeIgniter->run()
10 SYSTEMPATH\Commands\Server\rewrite.php(47): require_once('C:\\xampp\\htdocs\\ci4api\\public\\index.php')
CRITICAL - 2023-06-12 14:55:07 --> Trying to access array offset on value of type null
in APPPATH\Views\komik\detail.php on line 11.
 1 APPPATH\Views\komik\detail.php(11): CodeIgniter\Debug\Exceptions->errorHandler(2, 'Trying to access array offset on value of type null', 'C:\\xampp\\htdocs\\ci4api\\app\\Views\\komik\\detail.php', 11)
 2 SYSTEMPATH\View\View.php(213): include('C:\\xampp\\htdocs\\ci4api\\app\\Views\\komik\\detail.php')
 3 SYSTEMPATH\View\View.php(216): CodeIgniter\View\View->CodeIgniter\View\{closure}()
 4 SYSTEMPATH\Common.php(1184): CodeIgniter\View\View->render('komik/detail', [], true)
 5 APPPATH\Controllers\Komik.php(36): view('komik/detail', [...])
 6 SYSTEMPATH\CodeIgniter.php(934): App\Controllers\Komik->detail('create')
 7 SYSTEMPATH\CodeIgniter.php(499): CodeIgniter\CodeIgniter->runController(Object(App\Controllers\Komik))
 8 SYSTEMPATH\CodeIgniter.php(368): CodeIgniter\CodeIgniter->handleRequest(null, Object(Config\Cache), false)
 9 FCPATH\index.php(67): CodeIgniter\CodeIgniter->run()
10 SYSTEMPATH\Commands\Server\rewrite.php(47): require_once('C:\\xampp\\htdocs\\ci4api\\public\\index.php')
CRITICAL - 2023-06-12 14:55:08 --> Trying to access array offset on value of type null
in APPPATH\Views\komik\detail.php on line 11.
 1 APPPATH\Views\komik\detail.php(11): CodeIgniter\Debug\Exceptions->errorHandler(2, 'Trying to access array offset on value of type null', 'C:\\xampp\\htdocs\\ci4api\\app\\Views\\komik\\detail.php', 11)
 2 SYSTEMPATH\View\View.php(213): include('C:\\xampp\\htdocs\\ci4api\\app\\Views\\komik\\detail.php')
 3 SYSTEMPATH\View\View.php(216): CodeIgniter\View\View->CodeIgniter\View\{closure}()
 4 SYSTEMPATH\Common.php(1184): CodeIgniter\View\View->render('komik/detail', [], true)
 5 APPPATH\Controllers\Komik.php(36): view('komik/detail', [...])
 6 SYSTEMPATH\CodeIgniter.php(934): App\Controllers\Komik->detail('create')
 7 SYSTEMPATH\CodeIgniter.php(499): CodeIgniter\CodeIgniter->runController(Object(App\Controllers\Komik))
 8 SYSTEMPATH\CodeIgniter.php(368): CodeIgniter\CodeIgniter->handleRequest(null, Object(Config\Cache), false)
 9 FCPATH\index.php(67): CodeIgniter\CodeIgniter->run()
10 SYSTEMPATH\Commands\Server\rewrite.php(47): require_once('C:\\xampp\\htdocs\\ci4api\\public\\index.php')
CRITICAL - 2023-06-12 14:55:15 --> Trying to access array offset on value of type null
in APPPATH\Views\komik\detail.php on line 11.
 1 APPPATH\Views\komik\detail.php(11): CodeIgniter\Debug\Exceptions->errorHandler(2, 'Trying to access array offset on value of type null', 'C:\\xampp\\htdocs\\ci4api\\app\\Views\\komik\\detail.php', 11)
 2 SYSTEMPATH\View\View.php(213): include('C:\\xampp\\htdocs\\ci4api\\app\\Views\\komik\\detail.php')
 3 SYSTEMPATH\View\View.php(216): CodeIgniter\View\View->CodeIgniter\View\{closure}()
 4 SYSTEMPATH\Common.php(1184): CodeIgniter\View\View->render('komik/detail', [], true)
 5 APPPATH\Controllers\Komik.php(36): view('komik/detail', [...])
 6 SYSTEMPATH\CodeIgniter.php(934): App\Controllers\Komik->detail('create')
 7 SYSTEMPATH\CodeIgniter.php(499): CodeIgniter\CodeIgniter->runController(Object(App\Controllers\Komik))
 8 SYSTEMPATH\CodeIgniter.php(368): CodeIgniter\CodeIgniter->handleRequest(null, Object(Config\Cache), false)
 9 FCPATH\index.php(67): CodeIgniter\CodeIgniter->run()
10 SYSTEMPATH\Commands\Server\rewrite.php(47): require_once('C:\\xampp\\htdocs\\ci4api\\public\\index.php')
CRITICAL - 2023-06-12 14:56:50 --> Trying to access array offset on value of type null
in APPPATH\Views\komik\detail.php on line 11.
 1 APPPATH\Views\komik\detail.php(11): CodeIgniter\Debug\Exceptions->errorHandler(2, 'Trying to access array offset on value of type null', 'C:\\xampp\\htdocs\\ci4api\\app\\Views\\komik\\detail.php', 11)
 2 SYSTEMPATH\View\View.php(213): include('C:\\xampp\\htdocs\\ci4api\\app\\Views\\komik\\detail.php')
 3 SYSTEMPATH\View\View.php(216): CodeIgniter\View\View->CodeIgniter\View\{closure}()
 4 SYSTEMPATH\Common.php(1184): CodeIgniter\View\View->render('komik/detail', [], true)
 5 APPPATH\Controllers\Komik.php(36): view('komik/detail', [...])
 6 SYSTEMPATH\CodeIgniter.php(934): App\Controllers\Komik->detail('create')
 7 SYSTEMPATH\CodeIgniter.php(499): CodeIgniter\CodeIgniter->runController(Object(App\Controllers\Komik))
 8 SYSTEMPATH\CodeIgniter.php(368): CodeIgniter\CodeIgniter->handleRequest(null, Object(Config\Cache), false)
 9 FCPATH\index.php(67): CodeIgniter\CodeIgniter->run()
10 SYSTEMPATH\Commands\Server\rewrite.php(47): require_once('C:\\xampp\\htdocs\\ci4api\\public\\index.php')
CRITICAL - 2023-06-12 14:56:55 --> Trying to access array offset on value of type null
in APPPATH\Views\komik\detail.php on line 11.
 1 APPPATH\Views\komik\detail.php(11): CodeIgniter\Debug\Exceptions->errorHandler(2, 'Trying to access array offset on value of type null', 'C:\\xampp\\htdocs\\ci4api\\app\\Views\\komik\\detail.php', 11)
 2 SYSTEMPATH\View\View.php(213): include('C:\\xampp\\htdocs\\ci4api\\app\\Views\\komik\\detail.php')
 3 SYSTEMPATH\View\View.php(216): CodeIgniter\View\View->CodeIgniter\View\{closure}()
 4 SYSTEMPATH\Common.php(1184): CodeIgniter\View\View->render('komik/detail', [], true)
 5 APPPATH\Controllers\Komik.php(36): view('komik/detail', [...])
 6 SYSTEMPATH\CodeIgniter.php(934): App\Controllers\Komik->detail('create')
 7 SYSTEMPATH\CodeIgniter.php(499): CodeIgniter\CodeIgniter->runController(Object(App\Controllers\Komik))
 8 SYSTEMPATH\CodeIgniter.php(368): CodeIgniter\CodeIgniter->handleRequest(null, Object(Config\Cache), false)
 9 FCPATH\index.php(67): CodeIgniter\CodeIgniter->run()
10 SYSTEMPATH\Commands\Server\rewrite.php(47): require_once('C:\\xampp\\htdocs\\ci4api\\public\\index.php')
CRITICAL - 2023-06-12 14:58:00 --> Trying to access array offset on value of type null
in APPPATH\Views\komik\detail.php on line 11.
 1 APPPATH\Views\komik\detail.php(11): CodeIgniter\Debug\Exceptions->errorHandler(2, 'Trying to access array offset on value of type null', 'C:\\xampp\\htdocs\\ci4api\\app\\Views\\komik\\detail.php', 11)
 2 SYSTEMPATH\View\View.php(213): include('C:\\xampp\\htdocs\\ci4api\\app\\Views\\komik\\detail.php')
 3 SYSTEMPATH\View\View.php(216): CodeIgniter\View\View->CodeIgniter\View\{closure}()
 4 SYSTEMPATH\Common.php(1184): CodeIgniter\View\View->render('komik/detail', [], true)
 5 APPPATH\Controllers\Komik.php(36): view('komik/detail', [...])
 6 SYSTEMPATH\CodeIgniter.php(934): App\Controllers\Komik->detail('create')
 7 SYSTEMPATH\CodeIgniter.php(499): CodeIgniter\CodeIgniter->runController(Object(App\Controllers\Komik))
 8 SYSTEMPATH\CodeIgniter.php(368): CodeIgniter\CodeIgniter->handleRequest(null, Object(Config\Cache), false)
 9 FCPATH\index.php(67): CodeIgniter\CodeIgniter->run()
10 SYSTEMPATH\Commands\Server\rewrite.php(47): require_once('C:\\xampp\\htdocs\\ci4api\\public\\index.php')
CRITICAL - 2023-06-12 15:02:36 --> Trying to access array offset on value of type null
in APPPATH\Views\komik\detail.php on line 11.
 1 APPPATH\Views\komik\detail.php(11): CodeIgniter\Debug\Exceptions->errorHandler(2, 'Trying to access array offset on value of type null', 'C:\\xampp\\htdocs\\ci4api\\app\\Views\\komik\\detail.php', 11)
 2 SYSTEMPATH\View\View.php(213): include('C:\\xampp\\htdocs\\ci4api\\app\\Views\\komik\\detail.php')
 3 SYSTEMPATH\View\View.php(216): CodeIgniter\View\View->CodeIgniter\View\{closure}()
 4 SYSTEMPATH\Common.php(1184): CodeIgniter\View\View->render('komik/detail', [], true)
 5 APPPATH\Controllers\Komik.php(36): view('komik/detail', [...])
 6 SYSTEMPATH\CodeIgniter.php(934): App\Controllers\Komik->detail('create')
 7 SYSTEMPATH\CodeIgniter.php(499): CodeIgniter\CodeIgniter->runController(Object(App\Controllers\Komik))
 8 SYSTEMPATH\CodeIgniter.php(368): CodeIgniter\CodeIgniter->handleRequest(null, Object(Config\Cache), false)
 9 FCPATH\index.php(67): CodeIgniter\CodeIgniter->run()
10 SYSTEMPATH\Commands\Server\rewrite.php(47): require_once('C:\\xampp\\htdocs\\ci4api\\public\\index.php')
CRITICAL - 2023-06-12 15:02:37 --> Trying to access array offset on value of type null
in APPPATH\Views\komik\detail.php on line 11.
 1 APPPATH\Views\komik\detail.php(11): CodeIgniter\Debug\Exceptions->errorHandler(2, 'Trying to access array offset on value of type null', 'C:\\xampp\\htdocs\\ci4api\\app\\Views\\komik\\detail.php', 11)
 2 SYSTEMPATH\View\View.php(213): include('C:\\xampp\\htdocs\\ci4api\\app\\Views\\komik\\detail.php')
 3 SYSTEMPATH\View\View.php(216): CodeIgniter\View\View->CodeIgniter\View\{closure}()
 4 SYSTEMPATH\Common.php(1184): CodeIgniter\View\View->render('komik/detail', [], true)
 5 APPPATH\Controllers\Komik.php(36): view('komik/detail', [...])
 6 SYSTEMPATH\CodeIgniter.php(934): App\Controllers\Komik->detail('create')
 7 SYSTEMPATH\CodeIgniter.php(499): CodeIgniter\CodeIgniter->runController(Object(App\Controllers\Komik))
 8 SYSTEMPATH\CodeIgniter.php(368): CodeIgniter\CodeIgniter->handleRequest(null, Object(Config\Cache), false)
 9 FCPATH\index.php(67): CodeIgniter\CodeIgniter->run()
10 SYSTEMPATH\Commands\Server\rewrite.php(47): require_once('C:\\xampp\\htdocs\\ci4api\\public\\index.php')
CRITICAL - 2023-06-12 15:02:43 --> Trying to access array offset on value of type null
in APPPATH\Views\komik\detail.php on line 11.
 1 APPPATH\Views\komik\detail.php(11): CodeIgniter\Debug\Exceptions->errorHandler(2, 'Trying to access array offset on value of type null', 'C:\\xampp\\htdocs\\ci4api\\app\\Views\\komik\\detail.php', 11)
 2 SYSTEMPATH\View\View.php(213): include('C:\\xampp\\htdocs\\ci4api\\app\\Views\\komik\\detail.php')
 3 SYSTEMPATH\View\View.php(216): CodeIgniter\View\View->CodeIgniter\View\{closure}()
 4 SYSTEMPATH\Common.php(1184): CodeIgniter\View\View->render('komik/detail', [], true)
 5 APPPATH\Controllers\Komik.php(36): view('komik/detail', [...])
 6 SYSTEMPATH\CodeIgniter.php(934): App\Controllers\Komik->detail('create')
 7 SYSTEMPATH\CodeIgniter.php(499): CodeIgniter\CodeIgniter->runController(Object(App\Controllers\Komik))
 8 SYSTEMPATH\CodeIgniter.php(368): CodeIgniter\CodeIgniter->handleRequest(null, Object(Config\Cache), false)
 9 FCPATH\index.php(67): CodeIgniter\CodeIgniter->run()
10 SYSTEMPATH\Commands\Server\rewrite.php(47): require_once('C:\\xampp\\htdocs\\ci4api\\public\\index.php')
CRITICAL - 2023-06-12 15:02:51 --> Trying to access array offset on value of type null
in APPPATH\Views\komik\detail.php on line 11.
 1 APPPATH\Views\komik\detail.php(11): CodeIgniter\Debug\Exceptions->errorHandler(2, 'Trying to access array offset on value of type null', 'C:\\xampp\\htdocs\\ci4api\\app\\Views\\komik\\detail.php', 11)
 2 SYSTEMPATH\View\View.php(213): include('C:\\xampp\\htdocs\\ci4api\\app\\Views\\komik\\detail.php')
 3 SYSTEMPATH\View\View.php(216): CodeIgniter\View\View->CodeIgniter\View\{closure}()
 4 SYSTEMPATH\Common.php(1184): CodeIgniter\View\View->render('komik/detail', [], true)
 5 APPPATH\Controllers\Komik.php(36): view('komik/detail', [...])
 6 SYSTEMPATH\CodeIgniter.php(934): App\Controllers\Komik->detail('create')
 7 SYSTEMPATH\CodeIgniter.php(499): CodeIgniter\CodeIgniter->runController(Object(App\Controllers\Komik))
 8 SYSTEMPATH\CodeIgniter.php(368): CodeIgniter\CodeIgniter->handleRequest(null, Object(Config\Cache), false)
 9 FCPATH\index.php(67): CodeIgniter\CodeIgniter->run()
10 SYSTEMPATH\Commands\Server\rewrite.php(47): require_once('C:\\xampp\\htdocs\\ci4api\\public\\index.php')
CRITICAL - 2023-06-12 15:03:15 --> Trying to access array offset on value of type null
in APPPATH\Views\komik\detail.php on line 11.
 1 APPPATH\Views\komik\detail.php(11): CodeIgniter\Debug\Exceptions->errorHandler(2, 'Trying to access array offset on value of type null', 'C:\\xampp\\htdocs\\ci4api\\app\\Views\\komik\\detail.php', 11)
 2 SYSTEMPATH\View\View.php(213): include('C:\\xampp\\htdocs\\ci4api\\app\\Views\\komik\\detail.php')
 3 SYSTEMPATH\View\View.php(216): CodeIgniter\View\View->CodeIgniter\View\{closure}()
 4 SYSTEMPATH\Common.php(1184): CodeIgniter\View\View->render('komik/detail', [], true)
 5 APPPATH\Controllers\Komik.php(36): view('komik/detail', [...])
 6 SYSTEMPATH\CodeIgniter.php(934): App\Controllers\Komik->detail('create')
 7 SYSTEMPATH\CodeIgniter.php(499): CodeIgniter\CodeIgniter->runController(Object(App\Controllers\Komik))
 8 SYSTEMPATH\CodeIgniter.php(368): CodeIgniter\CodeIgniter->handleRequest(null, Object(Config\Cache), false)
 9 FCPATH\index.php(67): CodeIgniter\CodeIgniter->run()
10 SYSTEMPATH\Commands\Server\rewrite.php(47): require_once('C:\\xampp\\htdocs\\ci4api\\public\\index.php')
CRITICAL - 2023-06-12 15:03:17 --> Trying to access array offset on value of type null
in APPPATH\Views\komik\detail.php on line 11.
 1 APPPATH\Views\komik\detail.php(11): CodeIgniter\Debug\Exceptions->errorHandler(2, 'Trying to access array offset on value of type null', 'C:\\xampp\\htdocs\\ci4api\\app\\Views\\komik\\detail.php', 11)
 2 SYSTEMPATH\View\View.php(213): include('C:\\xampp\\htdocs\\ci4api\\app\\Views\\komik\\detail.php')
 3 SYSTEMPATH\View\View.php(216): CodeIgniter\View\View->CodeIgniter\View\{closure}()
 4 SYSTEMPATH\Common.php(1184): CodeIgniter\View\View->render('komik/detail', [], true)
 5 APPPATH\Controllers\Komik.php(36): view('komik/detail', [...])
 6 SYSTEMPATH\CodeIgniter.php(934): App\Controllers\Komik->detail('create')
 7 SYSTEMPATH\CodeIgniter.php(499): CodeIgniter\CodeIgniter->runController(Object(App\Controllers\Komik))
 8 SYSTEMPATH\CodeIgniter.php(368): CodeIgniter\CodeIgniter->handleRequest(null, Object(Config\Cache), false)
 9 FCPATH\index.php(67): CodeIgniter\CodeIgniter->run()
10 SYSTEMPATH\Commands\Server\rewrite.php(47): require_once('C:\\xampp\\htdocs\\ci4api\\public\\index.php')
CRITICAL - 2023-06-12 15:03:24 --> Trying to access array offset on value of type null
in APPPATH\Views\komik\detail.php on line 11.
 1 APPPATH\Views\komik\detail.php(11): CodeIgniter\Debug\Exceptions->errorHandler(2, 'Trying to access array offset on value of type null', 'C:\\xampp\\htdocs\\ci4api\\app\\Views\\komik\\detail.php', 11)
 2 SYSTEMPATH\View\View.php(213): include('C:\\xampp\\htdocs\\ci4api\\app\\Views\\komik\\detail.php')
 3 SYSTEMPATH\View\View.php(216): CodeIgniter\View\View->CodeIgniter\View\{closure}()
 4 SYSTEMPATH\Common.php(1184): CodeIgniter\View\View->render('komik/detail', [], true)
 5 APPPATH\Controllers\Komik.php(36): view('komik/detail', [...])
 6 SYSTEMPATH\CodeIgniter.php(934): App\Controllers\Komik->detail('create')
 7 SYSTEMPATH\CodeIgniter.php(499): CodeIgniter\CodeIgniter->runController(Object(App\Controllers\Komik))
 8 SYSTEMPATH\CodeIgniter.php(368): CodeIgniter\CodeIgniter->handleRequest(null, Object(Config\Cache), false)
 9 FCPATH\index.php(67): CodeIgniter\CodeIgniter->run()
10 SYSTEMPATH\Commands\Server\rewrite.php(47): require_once('C:\\xampp\\htdocs\\ci4api\\public\\index.php')
