INFO - 2023-07-19 12:22:10 --> Session: Class initialized using 'CodeIgniter\Session\Handlers\FileHandler' driver.
INFO - 2023-07-19 12:22:18 --> Session: Class initialized using 'CodeIgniter\Session\Handlers\FileHandler' driver.
INFO - 2023-07-19 12:22:23 --> Session: Class initialized using 'CodeIgniter\Session\Handlers\FileHandler' driver.
CRITICAL - 2023-07-19 12:22:23 --> Call to undefined method App\Models\HousepitalModel::getIdpasien
in SYSTEMPATH\Model.php on line 842.
 1 APPPATH\Controllers\Housepital.php(307): CodeIgniter\Model->__call('getIdpasien', [...])
 2 SYSTEMPATH\CodeIgniter.php(934): App\Controllers\Housepital->editPasien(' 11')
 3 SYSTEMPATH\CodeIgniter.php(499): CodeIgniter\CodeIgniter->runController(Object(App\Controllers\Housepital))
 4 SYSTEMPATH\CodeIgniter.php(368): CodeIgniter\CodeIgniter->handleRequest(null, Object(Config\Cache), false)
 5 FCPATH\index.php(67): CodeIgniter\CodeIgniter->run()
 6 SYSTEMPATH\Commands\Server\rewrite.php(47): require_once('C:\\xampp\\htdocs\\housepital\\public\\index.php')
INFO - 2023-07-19 12:28:37 --> Session: Class initialized using 'CodeIgniter\Session\Handlers\FileHandler' driver.
CRITICAL - 2023-07-19 12:28:37 --> Call to undefined method App\Models\HousepitalModel::getIdpasien
in SYSTEMPATH\Model.php on line 842.
 1 APPPATH\Controllers\Housepital.php(307): CodeIgniter\Model->__call('getIdpasien', [...])
 2 SYSTEMPATH\CodeIgniter.php(934): App\Controllers\Housepital->editPasien(' 11')
 3 SYSTEMPATH\CodeIgniter.php(499): CodeIgniter\CodeIgniter->runController(Object(App\Controllers\Housepital))
 4 SYSTEMPATH\CodeIgniter.php(368): CodeIgniter\CodeIgniter->handleRequest(null, Object(Config\Cache), false)
 5 FCPATH\index.php(67): CodeIgniter\CodeIgniter->run()
 6 SYSTEMPATH\Commands\Server\rewrite.php(47): require_once('C:\\xampp\\htdocs\\housepital\\public\\index.php')
INFO - 2023-07-19 12:28:39 --> Session: Class initialized using 'CodeIgniter\Session\Handlers\FileHandler' driver.
CRITICAL - 2023-07-19 12:28:39 --> Call to undefined method App\Models\HousepitalModel::getIdpasien
in SYSTEMPATH\Model.php on line 842.
 1 APPPATH\Controllers\Housepital.php(307): CodeIgniter\Model->__call('getIdpasien', [...])
 2 SYSTEMPATH\CodeIgniter.php(934): App\Controllers\Housepital->editPasien(' 11')
 3 SYSTEMPATH\CodeIgniter.php(499): CodeIgniter\CodeIgniter->runController(Object(App\Controllers\Housepital))
 4 SYSTEMPATH\CodeIgniter.php(368): CodeIgniter\CodeIgniter->handleRequest(null, Object(Config\Cache), false)
 5 FCPATH\index.php(67): CodeIgniter\CodeIgniter->run()
 6 SYSTEMPATH\Commands\Server\rewrite.php(47): require_once('C:\\xampp\\htdocs\\housepital\\public\\index.php')
INFO - 2023-07-19 12:28:41 --> Session: Class initialized using 'CodeIgniter\Session\Handlers\FileHandler' driver.
INFO - 2023-07-19 12:28:43 --> Session: Class initialized using 'CodeIgniter\Session\Handlers\FileHandler' driver.
INFO - 2023-07-19 12:28:46 --> Session: Class initialized using 'CodeIgniter\Session\Handlers\FileHandler' driver.
CRITICAL - 2023-07-19 12:28:46 --> Call to undefined method App\Models\HousepitalModel::getIdpasien
in SYSTEMPATH\Model.php on line 842.
 1 APPPATH\Controllers\Housepital.php(307): CodeIgniter\Model->__call('getIdpasien', [...])
 2 SYSTEMPATH\CodeIgniter.php(934): App\Controllers\Housepital->editPasien(' 11')
 3 SYSTEMPATH\CodeIgniter.php(499): CodeIgniter\CodeIgniter->runController(Object(App\Controllers\Housepital))
 4 SYSTEMPATH\CodeIgniter.php(368): CodeIgniter\CodeIgniter->handleRequest(null, Object(Config\Cache), false)
 5 FCPATH\index.php(67): CodeIgniter\CodeIgniter->run()
 6 SYSTEMPATH\Commands\Server\rewrite.php(47): require_once('C:\\xampp\\htdocs\\housepital\\public\\index.php')
INFO - 2023-07-19 12:29:32 --> Session: Class initialized using 'CodeIgniter\Session\Handlers\FileHandler' driver.
CRITICAL - 2023-07-19 12:29:32 --> Call to undefined method App\Models\HousepitalModel::getIdpasien
in SYSTEMPATH\Model.php on line 842.
 1 APPPATH\Controllers\Housepital.php(307): CodeIgniter\Model->__call('getIdpasien', [...])
 2 SYSTEMPATH\CodeIgniter.php(934): App\Controllers\Housepital->editPasien(' 11')
 3 SYSTEMPATH\CodeIgniter.php(499): CodeIgniter\CodeIgniter->runController(Object(App\Controllers\Housepital))
 4 SYSTEMPATH\CodeIgniter.php(368): CodeIgniter\CodeIgniter->handleRequest(null, Object(Config\Cache), false)
 5 FCPATH\index.php(67): CodeIgniter\CodeIgniter->run()
 6 SYSTEMPATH\Commands\Server\rewrite.php(47): require_once('C:\\xampp\\htdocs\\housepital\\public\\index.php')
INFO - 2023-07-19 12:30:24 --> Session: Class initialized using 'CodeIgniter\Session\Handlers\FileHandler' driver.
CRITICAL - 2023-07-19 12:30:24 --> Call to undefined method App\Models\HousepitalModel::getIdpasien
in SYSTEMPATH\Model.php on line 842.
 1 APPPATH\Controllers\Housepital.php(307): CodeIgniter\Model->__call('getIdpasien', [...])
 2 SYSTEMPATH\CodeIgniter.php(934): App\Controllers\Housepital->editPasien(' 11')
 3 SYSTEMPATH\CodeIgniter.php(499): CodeIgniter\CodeIgniter->runController(Object(App\Controllers\Housepital))
 4 SYSTEMPATH\CodeIgniter.php(368): CodeIgniter\CodeIgniter->handleRequest(null, Object(Config\Cache), false)
 5 FCPATH\index.php(67): CodeIgniter\CodeIgniter->run()
 6 SYSTEMPATH\Commands\Server\rewrite.php(47): require_once('C:\\xampp\\htdocs\\housepital\\public\\index.php')
INFO - 2023-07-19 12:30:26 --> Session: Class initialized using 'CodeIgniter\Session\Handlers\FileHandler' driver.
INFO - 2023-07-19 12:30:28 --> Session: Class initialized using 'CodeIgniter\Session\Handlers\FileHandler' driver.
INFO - 2023-07-19 12:30:31 --> Session: Class initialized using 'CodeIgniter\Session\Handlers\FileHandler' driver.
INFO - 2023-07-19 12:30:53 --> Session: Class initialized using 'CodeIgniter\Session\Handlers\FileHandler' driver.
INFO - 2023-07-19 12:31:08 --> Session: Class initialized using 'CodeIgniter\Session\Handlers\FileHandler' driver.
INFO - 2023-07-19 12:32:03 --> Session: Class initialized using 'CodeIgniter\Session\Handlers\FileHandler' driver.
CRITICAL - 2023-07-19 12:32:03 --> Invalid file: "pasien/create_pasien.php"
in SYSTEMPATH\Exceptions\FrameworkException.php on line 33.
 1 SYSTEMPATH\View\View.php(201): CodeIgniter\Exceptions\FrameworkException::forInvalidFile('pasien/create_pasien.php')
 2 SYSTEMPATH\Common.php(1184): CodeIgniter\View\View->render('pasien/create_pasien', [], true)
 3 APPPATH\Controllers\Housepital.php(291): view('pasien/create_pasien', [...])
 4 SYSTEMPATH\CodeIgniter.php(934): App\Controllers\Housepital->create_pasien()
 5 SYSTEMPATH\CodeIgniter.php(499): CodeIgniter\CodeIgniter->runController(Object(App\Controllers\Housepital))
 6 SYSTEMPATH\CodeIgniter.php(368): CodeIgniter\CodeIgniter->handleRequest(null, Object(Config\Cache), false)
 7 FCPATH\index.php(67): CodeIgniter\CodeIgniter->run()
 8 SYSTEMPATH\Commands\Server\rewrite.php(47): require_once('C:\\xampp\\htdocs\\housepital\\public\\index.php')
INFO - 2023-07-19 12:32:38 --> Session: Class initialized using 'CodeIgniter\Session\Handlers\FileHandler' driver.
CRITICAL - 2023-07-19 12:32:38 --> Invalid file: "pasien/create_pasien.php"
in SYSTEMPATH\Exceptions\FrameworkException.php on line 33.
 1 SYSTEMPATH\View\View.php(201): CodeIgniter\Exceptions\FrameworkException::forInvalidFile('pasien/create_pasien.php')
 2 SYSTEMPATH\Common.php(1184): CodeIgniter\View\View->render('pasien/create_pasien', [], true)
 3 APPPATH\Controllers\Housepital.php(291): view('pasien/create_pasien', [...])
 4 SYSTEMPATH\CodeIgniter.php(934): App\Controllers\Housepital->create_pasien()
 5 SYSTEMPATH\CodeIgniter.php(499): CodeIgniter\CodeIgniter->runController(Object(App\Controllers\Housepital))
 6 SYSTEMPATH\CodeIgniter.php(368): CodeIgniter\CodeIgniter->handleRequest(null, Object(Config\Cache), false)
 7 FCPATH\index.php(67): CodeIgniter\CodeIgniter->run()
 8 SYSTEMPATH\Commands\Server\rewrite.php(47): require_once('C:\\xampp\\htdocs\\housepital\\public\\index.php')
INFO - 2023-07-19 12:32:39 --> Session: Class initialized using 'CodeIgniter\Session\Handlers\FileHandler' driver.
CRITICAL - 2023-07-19 12:32:39 --> Invalid file: "pasien/create_pasien.php"
in SYSTEMPATH\Exceptions\FrameworkException.php on line 33.
 1 SYSTEMPATH\View\View.php(201): CodeIgniter\Exceptions\FrameworkException::forInvalidFile('pasien/create_pasien.php')
 2 SYSTEMPATH\Common.php(1184): CodeIgniter\View\View->render('pasien/create_pasien', [], true)
 3 APPPATH\Controllers\Housepital.php(291): view('pasien/create_pasien', [...])
 4 SYSTEMPATH\CodeIgniter.php(934): App\Controllers\Housepital->create_pasien()
 5 SYSTEMPATH\CodeIgniter.php(499): CodeIgniter\CodeIgniter->runController(Object(App\Controllers\Housepital))
 6 SYSTEMPATH\CodeIgniter.php(368): CodeIgniter\CodeIgniter->handleRequest(null, Object(Config\Cache), false)
 7 FCPATH\index.php(67): CodeIgniter\CodeIgniter->run()
 8 SYSTEMPATH\Commands\Server\rewrite.php(47): require_once('C:\\xampp\\htdocs\\housepital\\public\\index.php')
INFO - 2023-07-19 12:32:41 --> Session: Class initialized using 'CodeIgniter\Session\Handlers\FileHandler' driver.
INFO - 2023-07-19 12:32:43 --> Session: Class initialized using 'CodeIgniter\Session\Handlers\FileHandler' driver.
INFO - 2023-07-19 12:32:45 --> Session: Class initialized using 'CodeIgniter\Session\Handlers\FileHandler' driver.
CRITICAL - 2023-07-19 12:32:45 --> Invalid file: "pasien/create_pasien.php"
in SYSTEMPATH\Exceptions\FrameworkException.php on line 33.
 1 SYSTEMPATH\View\View.php(201): CodeIgniter\Exceptions\FrameworkException::forInvalidFile('pasien/create_pasien.php')
 2 SYSTEMPATH\Common.php(1184): CodeIgniter\View\View->render('pasien/create_pasien', [], true)
 3 APPPATH\Controllers\Housepital.php(291): view('pasien/create_pasien', [...])
 4 SYSTEMPATH\CodeIgniter.php(934): App\Controllers\Housepital->create_pasien()
 5 SYSTEMPATH\CodeIgniter.php(499): CodeIgniter\CodeIgniter->runController(Object(App\Controllers\Housepital))
 6 SYSTEMPATH\CodeIgniter.php(368): CodeIgniter\CodeIgniter->handleRequest(null, Object(Config\Cache), false)
 7 FCPATH\index.php(67): CodeIgniter\CodeIgniter->run()
 8 SYSTEMPATH\Commands\Server\rewrite.php(47): require_once('C:\\xampp\\htdocs\\housepital\\public\\index.php')
INFO - 2023-07-19 12:34:23 --> Session: Class initialized using 'CodeIgniter\Session\Handlers\FileHandler' driver.
CRITICAL - 2023-07-19 12:34:23 --> Invalid file: "pasien/create_pasien.php"
in SYSTEMPATH\Exceptions\FrameworkException.php on line 33.
 1 SYSTEMPATH\View\View.php(201): CodeIgniter\Exceptions\FrameworkException::forInvalidFile('pasien/create_pasien.php')
 2 SYSTEMPATH\Common.php(1184): CodeIgniter\View\View->render('pasien/create_pasien', [], true)
 3 APPPATH\Controllers\Housepital.php(291): view('pasien/create_pasien', [...])
 4 SYSTEMPATH\CodeIgniter.php(934): App\Controllers\Housepital->create_pasien()
 5 SYSTEMPATH\CodeIgniter.php(499): CodeIgniter\CodeIgniter->runController(Object(App\Controllers\Housepital))
 6 SYSTEMPATH\CodeIgniter.php(368): CodeIgniter\CodeIgniter->handleRequest(null, Object(Config\Cache), false)
 7 FCPATH\index.php(67): CodeIgniter\CodeIgniter->run()
 8 SYSTEMPATH\Commands\Server\rewrite.php(47): require_once('C:\\xampp\\htdocs\\housepital\\public\\index.php')
INFO - 2023-07-19 12:34:25 --> Session: Class initialized using 'CodeIgniter\Session\Handlers\FileHandler' driver.
CRITICAL - 2023-07-19 12:34:25 --> Invalid file: "pasien/pasien.php"
in SYSTEMPATH\Exceptions\FrameworkException.php on line 33.
 1 SYSTEMPATH\View\View.php(201): CodeIgniter\Exceptions\FrameworkException::forInvalidFile('pasien/pasien.php')
 2 SYSTEMPATH\Common.php(1184): CodeIgniter\View\View->render('pasien/pasien', [], true)
 3 APPPATH\Controllers\Housepital.php(200): view('pasien/pasien', [...])
 4 SYSTEMPATH\CodeIgniter.php(934): App\Controllers\Housepital->pasien()
 5 SYSTEMPATH\CodeIgniter.php(499): CodeIgniter\CodeIgniter->runController(Object(App\Controllers\Housepital))
 6 SYSTEMPATH\CodeIgniter.php(368): CodeIgniter\CodeIgniter->handleRequest(null, Object(Config\Cache), false)
 7 FCPATH\index.php(67): CodeIgniter\CodeIgniter->run()
 8 SYSTEMPATH\Commands\Server\rewrite.php(47): require_once('C:\\xampp\\htdocs\\housepital\\public\\index.php')
INFO - 2023-07-19 12:34:27 --> Session: Class initialized using 'CodeIgniter\Session\Handlers\FileHandler' driver.
INFO - 2023-07-19 12:34:29 --> Session: Class initialized using 'CodeIgniter\Session\Handlers\FileHandler' driver.
INFO - 2023-07-19 12:34:31 --> Session: Class initialized using 'CodeIgniter\Session\Handlers\FileHandler' driver.
CRITICAL - 2023-07-19 12:34:31 --> Invalid file: "pasien/pasien.php"
in SYSTEMPATH\Exceptions\FrameworkException.php on line 33.
 1 SYSTEMPATH\View\View.php(201): CodeIgniter\Exceptions\FrameworkException::forInvalidFile('pasien/pasien.php')
 2 SYSTEMPATH\Common.php(1184): CodeIgniter\View\View->render('pasien/pasien', [], true)
 3 APPPATH\Controllers\Housepital.php(200): view('pasien/pasien', [...])
 4 SYSTEMPATH\CodeIgniter.php(934): App\Controllers\Housepital->pasien()
 5 SYSTEMPATH\CodeIgniter.php(499): CodeIgniter\CodeIgniter->runController(Object(App\Controllers\Housepital))
 6 SYSTEMPATH\CodeIgniter.php(368): CodeIgniter\CodeIgniter->handleRequest(null, Object(Config\Cache), false)
 7 FCPATH\index.php(67): CodeIgniter\CodeIgniter->run()
 8 SYSTEMPATH\Commands\Server\rewrite.php(47): require_once('C:\\xampp\\htdocs\\housepital\\public\\index.php')
INFO - 2023-07-19 12:35:36 --> Session: Class initialized using 'CodeIgniter\Session\Handlers\FileHandler' driver.
CRITICAL - 2023-07-19 12:35:36 --> Invalid file: "pasien/pasien.php"
in SYSTEMPATH\Exceptions\FrameworkException.php on line 33.
 1 SYSTEMPATH\View\View.php(201): CodeIgniter\Exceptions\FrameworkException::forInvalidFile('pasien/pasien.php')
 2 SYSTEMPATH\Common.php(1184): CodeIgniter\View\View->render('pasien/pasien', [], true)
 3 APPPATH\Controllers\Housepital.php(200): view('pasien/pasien', [...])
 4 SYSTEMPATH\CodeIgniter.php(934): App\Controllers\Housepital->pasien()
 5 SYSTEMPATH\CodeIgniter.php(499): CodeIgniter\CodeIgniter->runController(Object(App\Controllers\Housepital))
 6 SYSTEMPATH\CodeIgniter.php(368): CodeIgniter\CodeIgniter->handleRequest(null, Object(Config\Cache), false)
 7 FCPATH\index.php(67): CodeIgniter\CodeIgniter->run()
 8 SYSTEMPATH\Commands\Server\rewrite.php(47): require_once('C:\\xampp\\htdocs\\housepital\\public\\index.php')
INFO - 2023-07-19 12:35:38 --> Session: Class initialized using 'CodeIgniter\Session\Handlers\FileHandler' driver.
INFO - 2023-07-19 12:35:40 --> Session: Class initialized using 'CodeIgniter\Session\Handlers\FileHandler' driver.
INFO - 2023-07-19 12:35:42 --> Session: Class initialized using 'CodeIgniter\Session\Handlers\FileHandler' driver.
CRITICAL - 2023-07-19 12:35:42 --> Invalid file: "pasien/pasien.php"
in SYSTEMPATH\Exceptions\FrameworkException.php on line 33.
 1 SYSTEMPATH\View\View.php(201): CodeIgniter\Exceptions\FrameworkException::forInvalidFile('pasien/pasien.php')
 2 SYSTEMPATH\Common.php(1184): CodeIgniter\View\View->render('pasien/pasien', [], true)
 3 APPPATH\Controllers\Housepital.php(200): view('pasien/pasien', [...])
 4 SYSTEMPATH\CodeIgniter.php(934): App\Controllers\Housepital->pasien()
 5 SYSTEMPATH\CodeIgniter.php(499): CodeIgniter\CodeIgniter->runController(Object(App\Controllers\Housepital))
 6 SYSTEMPATH\CodeIgniter.php(368): CodeIgniter\CodeIgniter->handleRequest(null, Object(Config\Cache), false)
 7 FCPATH\index.php(67): CodeIgniter\CodeIgniter->run()
 8 SYSTEMPATH\Commands\Server\rewrite.php(47): require_once('C:\\xampp\\htdocs\\housepital\\public\\index.php')
INFO - 2023-07-19 12:36:06 --> Session: Class initialized using 'CodeIgniter\Session\Handlers\FileHandler' driver.
CRITICAL - 2023-07-19 12:36:06 --> Invalid file: "pasien/pasien.php"
in SYSTEMPATH\Exceptions\FrameworkException.php on line 33.
 1 SYSTEMPATH\View\View.php(201): CodeIgniter\Exceptions\FrameworkException::forInvalidFile('pasien/pasien.php')
 2 SYSTEMPATH\Common.php(1184): CodeIgniter\View\View->render('pasien/pasien', [], true)
 3 APPPATH\Controllers\Housepital.php(200): view('pasien/pasien', [...])
 4 SYSTEMPATH\CodeIgniter.php(934): App\Controllers\Housepital->pasien()
 5 SYSTEMPATH\CodeIgniter.php(499): CodeIgniter\CodeIgniter->runController(Object(App\Controllers\Housepital))
 6 SYSTEMPATH\CodeIgniter.php(368): CodeIgniter\CodeIgniter->handleRequest(null, Object(Config\Cache), false)
 7 FCPATH\index.php(67): CodeIgniter\CodeIgniter->run()
 8 SYSTEMPATH\Commands\Server\rewrite.php(47): require_once('C:\\xampp\\htdocs\\housepital\\public\\index.php')
INFO - 2023-07-19 12:36:08 --> Session: Class initialized using 'CodeIgniter\Session\Handlers\FileHandler' driver.
INFO - 2023-07-19 12:36:10 --> Session: Class initialized using 'CodeIgniter\Session\Handlers\FileHandler' driver.
INFO - 2023-07-19 12:36:13 --> Session: Class initialized using 'CodeIgniter\Session\Handlers\FileHandler' driver.
CRITICAL - 2023-07-19 12:36:13 --> Invalid file: "pasien/pasien.php"
in SYSTEMPATH\Exceptions\FrameworkException.php on line 33.
 1 SYSTEMPATH\View\View.php(201): CodeIgniter\Exceptions\FrameworkException::forInvalidFile('pasien/pasien.php')
 2 SYSTEMPATH\Common.php(1184): CodeIgniter\View\View->render('pasien/pasien', [], true)
 3 APPPATH\Controllers\Housepital.php(200): view('pasien/pasien', [...])
 4 SYSTEMPATH\CodeIgniter.php(934): App\Controllers\Housepital->pasien()
 5 SYSTEMPATH\CodeIgniter.php(499): CodeIgniter\CodeIgniter->runController(Object(App\Controllers\Housepital))
 6 SYSTEMPATH\CodeIgniter.php(368): CodeIgniter\CodeIgniter->handleRequest(null, Object(Config\Cache), false)
 7 FCPATH\index.php(67): CodeIgniter\CodeIgniter->run()
 8 SYSTEMPATH\Commands\Server\rewrite.php(47): require_once('C:\\xampp\\htdocs\\housepital\\public\\index.php')
INFO - 2023-07-19 12:37:28 --> Session: Class initialized using 'CodeIgniter\Session\Handlers\FileHandler' driver.
CRITICAL - 2023-07-19 12:37:28 --> Invalid file: "Housepital/pasien.php"
in SYSTEMPATH\Exceptions\FrameworkException.php on line 33.
 1 SYSTEMPATH\View\View.php(201): CodeIgniter\Exceptions\FrameworkException::forInvalidFile('Housepital/pasien.php')
 2 SYSTEMPATH\Common.php(1184): CodeIgniter\View\View->render('Housepital/pasien', [], true)
 3 APPPATH\Controllers\Housepital.php(200): view('Housepital/pasien', [...])
 4 SYSTEMPATH\CodeIgniter.php(934): App\Controllers\Housepital->pasien()
 5 SYSTEMPATH\CodeIgniter.php(499): CodeIgniter\CodeIgniter->runController(Object(App\Controllers\Housepital))
 6 SYSTEMPATH\CodeIgniter.php(368): CodeIgniter\CodeIgniter->handleRequest(null, Object(Config\Cache), false)
 7 FCPATH\index.php(67): CodeIgniter\CodeIgniter->run()
 8 SYSTEMPATH\Commands\Server\rewrite.php(47): require_once('C:\\xampp\\htdocs\\housepital\\public\\index.php')
INFO - 2023-07-19 12:37:49 --> Session: Class initialized using 'CodeIgniter\Session\Handlers\FileHandler' driver.
CRITICAL - 2023-07-19 12:37:49 --> Invalid file: "pasien/pasien.php"
in SYSTEMPATH\Exceptions\FrameworkException.php on line 33.
 1 SYSTEMPATH\View\View.php(201): CodeIgniter\Exceptions\FrameworkException::forInvalidFile('pasien/pasien.php')
 2 SYSTEMPATH\Common.php(1184): CodeIgniter\View\View->render('pasien/pasien', [], true)
 3 APPPATH\Controllers\Housepital.php(200): view('pasien/pasien', [...])
 4 SYSTEMPATH\CodeIgniter.php(934): App\Controllers\Housepital->pasien()
 5 SYSTEMPATH\CodeIgniter.php(499): CodeIgniter\CodeIgniter->runController(Object(App\Controllers\Housepital))
 6 SYSTEMPATH\CodeIgniter.php(368): CodeIgniter\CodeIgniter->handleRequest(null, Object(Config\Cache), false)
 7 FCPATH\index.php(67): CodeIgniter\CodeIgniter->run()
 8 SYSTEMPATH\Commands\Server\rewrite.php(47): require_once('C:\\xampp\\htdocs\\housepital\\public\\index.php')
INFO - 2023-07-19 12:38:29 --> Session: Class initialized using 'CodeIgniter\Session\Handlers\FileHandler' driver.
CRITICAL - 2023-07-19 12:38:30 --> Invalid file: "/pasien.php"
in SYSTEMPATH\Exceptions\FrameworkException.php on line 33.
 1 SYSTEMPATH\View\View.php(201): CodeIgniter\Exceptions\FrameworkException::forInvalidFile('/pasien.php')
 2 SYSTEMPATH\Common.php(1184): CodeIgniter\View\View->render('/pasien', [], true)
 3 APPPATH\Controllers\Housepital.php(200): view('/pasien', [...])
 4 SYSTEMPATH\CodeIgniter.php(934): App\Controllers\Housepital->pasien()
 5 SYSTEMPATH\CodeIgniter.php(499): CodeIgniter\CodeIgniter->runController(Object(App\Controllers\Housepital))
 6 SYSTEMPATH\CodeIgniter.php(368): CodeIgniter\CodeIgniter->handleRequest(null, Object(Config\Cache), false)
 7 FCPATH\index.php(67): CodeIgniter\CodeIgniter->run()
 8 SYSTEMPATH\Commands\Server\rewrite.php(47): require_once('C:\\xampp\\htdocs\\housepital\\public\\index.php')
INFO - 2023-07-19 12:38:32 --> Session: Class initialized using 'CodeIgniter\Session\Handlers\FileHandler' driver.
INFO - 2023-07-19 12:38:34 --> Session: Class initialized using 'CodeIgniter\Session\Handlers\FileHandler' driver.
INFO - 2023-07-19 12:38:36 --> Session: Class initialized using 'CodeIgniter\Session\Handlers\FileHandler' driver.
CRITICAL - 2023-07-19 12:38:36 --> Invalid file: "/pasien.php"
in SYSTEMPATH\Exceptions\FrameworkException.php on line 33.
 1 SYSTEMPATH\View\View.php(201): CodeIgniter\Exceptions\FrameworkException::forInvalidFile('/pasien.php')
 2 SYSTEMPATH\Common.php(1184): CodeIgniter\View\View->render('/pasien', [], true)
 3 APPPATH\Controllers\Housepital.php(200): view('/pasien', [...])
 4 SYSTEMPATH\CodeIgniter.php(934): App\Controllers\Housepital->pasien()
 5 SYSTEMPATH\CodeIgniter.php(499): CodeIgniter\CodeIgniter->runController(Object(App\Controllers\Housepital))
 6 SYSTEMPATH\CodeIgniter.php(368): CodeIgniter\CodeIgniter->handleRequest(null, Object(Config\Cache), false)
 7 FCPATH\index.php(67): CodeIgniter\CodeIgniter->run()
 8 SYSTEMPATH\Commands\Server\rewrite.php(47): require_once('C:\\xampp\\htdocs\\housepital\\public\\index.php')
INFO - 2023-07-19 12:38:52 --> Session: Class initialized using 'CodeIgniter\Session\Handlers\FileHandler' driver.
INFO - 2023-07-19 12:38:59 --> Session: Class initialized using 'CodeIgniter\Session\Handlers\FileHandler' driver.
CRITICAL - 2023-07-19 12:38:59 --> Call to undefined method App\Models\HousepitalModel::getIdpasien
in SYSTEMPATH\Model.php on line 842.
 1 APPPATH\Controllers\Housepital.php(307): CodeIgniter\Model->__call('getIdpasien', [...])
 2 SYSTEMPATH\CodeIgniter.php(934): App\Controllers\Housepital->editPasien(' 11')
 3 SYSTEMPATH\CodeIgniter.php(499): CodeIgniter\CodeIgniter->runController(Object(App\Controllers\Housepital))
 4 SYSTEMPATH\CodeIgniter.php(368): CodeIgniter\CodeIgniter->handleRequest(null, Object(Config\Cache), false)
 5 FCPATH\index.php(67): CodeIgniter\CodeIgniter->run()
 6 SYSTEMPATH\Commands\Server\rewrite.php(47): require_once('C:\\xampp\\htdocs\\housepital\\public\\index.php')
INFO - 2023-07-19 12:44:59 --> Session: Class initialized using 'CodeIgniter\Session\Handlers\FileHandler' driver.
CRITICAL - 2023-07-19 12:44:59 --> Call to undefined method App\Models\HousepitalModel::getIdpasien
in SYSTEMPATH\Model.php on line 842.
 1 APPPATH\Controllers\Housepital.php(307): CodeIgniter\Model->__call('getIdpasien', [...])
 2 SYSTEMPATH\CodeIgniter.php(934): App\Controllers\Housepital->editPasien(' 11')
 3 SYSTEMPATH\CodeIgniter.php(499): CodeIgniter\CodeIgniter->runController(Object(App\Controllers\Housepital))
 4 SYSTEMPATH\CodeIgniter.php(368): CodeIgniter\CodeIgniter->handleRequest(null, Object(Config\Cache), false)
 5 FCPATH\index.php(67): CodeIgniter\CodeIgniter->run()
 6 SYSTEMPATH\Commands\Server\rewrite.php(47): require_once('C:\\xampp\\htdocs\\housepital\\public\\index.php')
INFO - 2023-07-19 12:45:01 --> Session: Class initialized using 'CodeIgniter\Session\Handlers\FileHandler' driver.
INFO - 2023-07-19 12:45:03 --> Session: Class initialized using 'CodeIgniter\Session\Handlers\FileHandler' driver.
INFO - 2023-07-19 12:45:05 --> Session: Class initialized using 'CodeIgniter\Session\Handlers\FileHandler' driver.
INFO - 2023-07-19 12:45:07 --> Session: Class initialized using 'CodeIgniter\Session\Handlers\FileHandler' driver.
CRITICAL - 2023-07-19 12:45:07 --> Call to undefined method App\Models\HousepitalModel::getIdpasien
in SYSTEMPATH\Model.php on line 842.
 1 APPPATH\Controllers\Housepital.php(307): CodeIgniter\Model->__call('getIdpasien', [...])
 2 SYSTEMPATH\CodeIgniter.php(934): App\Controllers\Housepital->editPasien(' 11')
 3 SYSTEMPATH\CodeIgniter.php(499): CodeIgniter\CodeIgniter->runController(Object(App\Controllers\Housepital))
 4 SYSTEMPATH\CodeIgniter.php(368): CodeIgniter\CodeIgniter->handleRequest(null, Object(Config\Cache), false)
 5 FCPATH\index.php(67): CodeIgniter\CodeIgniter->run()
 6 SYSTEMPATH\Commands\Server\rewrite.php(47): require_once('C:\\xampp\\htdocs\\housepital\\public\\index.php')
INFO - 2023-07-19 12:45:58 --> Session: Class initialized using 'CodeIgniter\Session\Handlers\FileHandler' driver.
CRITICAL - 2023-07-19 12:45:58 --> Call to undefined method App\Models\HousepitalModel::getIdpasien
in SYSTEMPATH\Model.php on line 842.
 1 APPPATH\Controllers\Housepital.php(307): CodeIgniter\Model->__call('getIdpasien', [...])
 2 SYSTEMPATH\CodeIgniter.php(934): App\Controllers\Housepital->editPasien(' 11')
 3 SYSTEMPATH\CodeIgniter.php(499): CodeIgniter\CodeIgniter->runController(Object(App\Controllers\Housepital))
 4 SYSTEMPATH\CodeIgniter.php(368): CodeIgniter\CodeIgniter->handleRequest(null, Object(Config\Cache), false)
 5 FCPATH\index.php(67): CodeIgniter\CodeIgniter->run()
 6 SYSTEMPATH\Commands\Server\rewrite.php(47): require_once('C:\\xampp\\htdocs\\housepital\\public\\index.php')
INFO - 2023-07-19 12:46:00 --> Session: Class initialized using 'CodeIgniter\Session\Handlers\FileHandler' driver.
INFO - 2023-07-19 12:46:02 --> Session: Class initialized using 'CodeIgniter\Session\Handlers\FileHandler' driver.
INFO - 2023-07-19 12:46:04 --> Session: Class initialized using 'CodeIgniter\Session\Handlers\FileHandler' driver.
CRITICAL - 2023-07-19 12:46:04 --> Invalid file: "pasien/create_pasien.php"
in SYSTEMPATH\Exceptions\FrameworkException.php on line 33.
 1 SYSTEMPATH\View\View.php(201): CodeIgniter\Exceptions\FrameworkException::forInvalidFile('pasien/create_pasien.php')
 2 SYSTEMPATH\Common.php(1184): CodeIgniter\View\View->render('pasien/create_pasien', [], true)
 3 APPPATH\Controllers\Housepital.php(291): view('pasien/create_pasien', [...])
 4 SYSTEMPATH\CodeIgniter.php(934): App\Controllers\Housepital->create_pasien()
 5 SYSTEMPATH\CodeIgniter.php(499): CodeIgniter\CodeIgniter->runController(Object(App\Controllers\Housepital))
 6 SYSTEMPATH\CodeIgniter.php(368): CodeIgniter\CodeIgniter->handleRequest(null, Object(Config\Cache), false)
 7 FCPATH\index.php(67): CodeIgniter\CodeIgniter->run()
 8 SYSTEMPATH\Commands\Server\rewrite.php(47): require_once('C:\\xampp\\htdocs\\housepital\\public\\index.php')
INFO - 2023-07-19 12:47:01 --> Session: Class initialized using 'CodeIgniter\Session\Handlers\FileHandler' driver.
CRITICAL - 2023-07-19 12:47:01 --> Invalid file: "pasien/create_pasien.php"
in SYSTEMPATH\Exceptions\FrameworkException.php on line 33.
 1 SYSTEMPATH\View\View.php(201): CodeIgniter\Exceptions\FrameworkException::forInvalidFile('pasien/create_pasien.php')
 2 SYSTEMPATH\Common.php(1184): CodeIgniter\View\View->render('pasien/create_pasien', [], true)
 3 APPPATH\Controllers\Housepital.php(291): view('pasien/create_pasien', [...])
 4 SYSTEMPATH\CodeIgniter.php(934): App\Controllers\Housepital->create_pasien()
 5 SYSTEMPATH\CodeIgniter.php(499): CodeIgniter\CodeIgniter->runController(Object(App\Controllers\Housepital))
 6 SYSTEMPATH\CodeIgniter.php(368): CodeIgniter\CodeIgniter->handleRequest(null, Object(Config\Cache), false)
 7 FCPATH\index.php(67): CodeIgniter\CodeIgniter->run()
 8 SYSTEMPATH\Commands\Server\rewrite.php(47): require_once('C:\\xampp\\htdocs\\housepital\\public\\index.php')
INFO - 2023-07-19 12:47:13 --> Session: Class initialized using 'CodeIgniter\Session\Handlers\FileHandler' driver.
CRITICAL - 2023-07-19 12:47:13 --> Invalid file: "pasien/create_pasien.php"
in SYSTEMPATH\Exceptions\FrameworkException.php on line 33.
 1 SYSTEMPATH\View\View.php(201): CodeIgniter\Exceptions\FrameworkException::forInvalidFile('pasien/create_pasien.php')
 2 SYSTEMPATH\Common.php(1184): CodeIgniter\View\View->render('pasien/create_pasien', [], true)
 3 APPPATH\Controllers\Housepital.php(291): view('pasien/create_pasien', [...])
 4 SYSTEMPATH\CodeIgniter.php(934): App\Controllers\Housepital->create_pasien()
 5 SYSTEMPATH\CodeIgniter.php(499): CodeIgniter\CodeIgniter->runController(Object(App\Controllers\Housepital))
 6 SYSTEMPATH\CodeIgniter.php(368): CodeIgniter\CodeIgniter->handleRequest(null, Object(Config\Cache), false)
 7 FCPATH\index.php(67): CodeIgniter\CodeIgniter->run()
 8 SYSTEMPATH\Commands\Server\rewrite.php(47): require_once('C:\\xampp\\htdocs\\housepital\\public\\index.php')
INFO - 2023-07-19 12:47:21 --> Session: Class initialized using 'CodeIgniter\Session\Handlers\FileHandler' driver.
CRITICAL - 2023-07-19 12:47:21 --> Invalid file: "pasien/create_pasien.php"
in SYSTEMPATH\Exceptions\FrameworkException.php on line 33.
 1 SYSTEMPATH\View\View.php(201): CodeIgniter\Exceptions\FrameworkException::forInvalidFile('pasien/create_pasien.php')
 2 SYSTEMPATH\Common.php(1184): CodeIgniter\View\View->render('pasien/create_pasien', [], true)
 3 APPPATH\Controllers\Housepital.php(291): view('pasien/create_pasien', [...])
 4 SYSTEMPATH\CodeIgniter.php(934): App\Controllers\Housepital->create_pasien()
 5 SYSTEMPATH\CodeIgniter.php(499): CodeIgniter\CodeIgniter->runController(Object(App\Controllers\Housepital))
 6 SYSTEMPATH\CodeIgniter.php(368): CodeIgniter\CodeIgniter->handleRequest(null, Object(Config\Cache), false)
 7 FCPATH\index.php(67): CodeIgniter\CodeIgniter->run()
 8 SYSTEMPATH\Commands\Server\rewrite.php(47): require_once('C:\\xampp\\htdocs\\housepital\\public\\index.php')
INFO - 2023-07-19 12:47:23 --> Session: Class initialized using 'CodeIgniter\Session\Handlers\FileHandler' driver.
INFO - 2023-07-19 12:47:25 --> Session: Class initialized using 'CodeIgniter\Session\Handlers\FileHandler' driver.
INFO - 2023-07-19 12:47:27 --> Session: Class initialized using 'CodeIgniter\Session\Handlers\FileHandler' driver.
CRITICAL - 2023-07-19 12:47:27 --> Invalid file: "pasien/create_pasien.php"
in SYSTEMPATH\Exceptions\FrameworkException.php on line 33.
 1 SYSTEMPATH\View\View.php(201): CodeIgniter\Exceptions\FrameworkException::forInvalidFile('pasien/create_pasien.php')
 2 SYSTEMPATH\Common.php(1184): CodeIgniter\View\View->render('pasien/create_pasien', [], true)
 3 APPPATH\Controllers\Housepital.php(291): view('pasien/create_pasien', [...])
 4 SYSTEMPATH\CodeIgniter.php(934): App\Controllers\Housepital->create_pasien()
 5 SYSTEMPATH\CodeIgniter.php(499): CodeIgniter\CodeIgniter->runController(Object(App\Controllers\Housepital))
 6 SYSTEMPATH\CodeIgniter.php(368): CodeIgniter\CodeIgniter->handleRequest(null, Object(Config\Cache), false)
 7 FCPATH\index.php(67): CodeIgniter\CodeIgniter->run()
 8 SYSTEMPATH\Commands\Server\rewrite.php(47): require_once('C:\\xampp\\htdocs\\housepital\\public\\index.php')
INFO - 2023-07-19 12:47:43 --> Session: Class initialized using 'CodeIgniter\Session\Handlers\FileHandler' driver.
CRITICAL - 2023-07-19 12:47:43 --> Invalid file: "pasien/create_pasien.php"
in SYSTEMPATH\Exceptions\FrameworkException.php on line 33.
 1 SYSTEMPATH\View\View.php(201): CodeIgniter\Exceptions\FrameworkException::forInvalidFile('pasien/create_pasien.php')
 2 SYSTEMPATH\Common.php(1184): CodeIgniter\View\View->render('pasien/create_pasien', [], true)
 3 APPPATH\Controllers\Housepital.php(291): view('pasien/create_pasien', [...])
 4 SYSTEMPATH\CodeIgniter.php(934): App\Controllers\Housepital->create_pasien()
 5 SYSTEMPATH\CodeIgniter.php(499): CodeIgniter\CodeIgniter->runController(Object(App\Controllers\Housepital))
 6 SYSTEMPATH\CodeIgniter.php(368): CodeIgniter\CodeIgniter->handleRequest(null, Object(Config\Cache), false)
 7 FCPATH\index.php(67): CodeIgniter\CodeIgniter->run()
 8 SYSTEMPATH\Commands\Server\rewrite.php(47): require_once('C:\\xampp\\htdocs\\housepital\\public\\index.php')
INFO - 2023-07-19 12:47:45 --> Session: Class initialized using 'CodeIgniter\Session\Handlers\FileHandler' driver.
INFO - 2023-07-19 12:48:17 --> Session: Class initialized using 'CodeIgniter\Session\Handlers\FileHandler' driver.
INFO - 2023-07-19 12:48:20 --> Session: Class initialized using 'CodeIgniter\Session\Handlers\FileHandler' driver.
CRITICAL - 2023-07-19 12:48:20 --> Invalid file: "pasien/create_pasien.php"
in SYSTEMPATH\Exceptions\FrameworkException.php on line 33.
 1 SYSTEMPATH\View\View.php(201): CodeIgniter\Exceptions\FrameworkException::forInvalidFile('pasien/create_pasien.php')
 2 SYSTEMPATH\Common.php(1184): CodeIgniter\View\View->render('pasien/create_pasien', [], true)
 3 APPPATH\Controllers\Housepital.php(291): view('pasien/create_pasien', [...])
 4 SYSTEMPATH\CodeIgniter.php(934): App\Controllers\Housepital->create_pasien()
 5 SYSTEMPATH\CodeIgniter.php(499): CodeIgniter\CodeIgniter->runController(Object(App\Controllers\Housepital))
 6 SYSTEMPATH\CodeIgniter.php(368): CodeIgniter\CodeIgniter->handleRequest(null, Object(Config\Cache), false)
 7 FCPATH\index.php(67): CodeIgniter\CodeIgniter->run()
 8 SYSTEMPATH\Commands\Server\rewrite.php(47): require_once('C:\\xampp\\htdocs\\housepital\\public\\index.php')
INFO - 2023-07-19 12:49:10 --> Session: Class initialized using 'CodeIgniter\Session\Handlers\FileHandler' driver.
CRITICAL - 2023-07-19 12:49:10 --> Invalid file: "pasien/create_pasien.php"
in SYSTEMPATH\Exceptions\FrameworkException.php on line 33.
 1 SYSTEMPATH\View\View.php(201): CodeIgniter\Exceptions\FrameworkException::forInvalidFile('pasien/create_pasien.php')
 2 SYSTEMPATH\Common.php(1184): CodeIgniter\View\View->render('pasien/create_pasien', [], true)
 3 APPPATH\Controllers\Housepital.php(291): view('pasien/create_pasien', [...])
 4 SYSTEMPATH\CodeIgniter.php(934): App\Controllers\Housepital->create_pasien()
 5 SYSTEMPATH\CodeIgniter.php(499): CodeIgniter\CodeIgniter->runController(Object(App\Controllers\Housepital))
 6 SYSTEMPATH\CodeIgniter.php(368): CodeIgniter\CodeIgniter->handleRequest(null, Object(Config\Cache), false)
 7 FCPATH\index.php(67): CodeIgniter\CodeIgniter->run()
 8 SYSTEMPATH\Commands\Server\rewrite.php(47): require_once('C:\\xampp\\htdocs\\housepital\\public\\index.php')
INFO - 2023-07-19 12:49:12 --> Session: Class initialized using 'CodeIgniter\Session\Handlers\FileHandler' driver.
CRITICAL - 2023-07-19 12:49:12 --> Invalid file: "pasien/create_pasien.php"
in SYSTEMPATH\Exceptions\FrameworkException.php on line 33.
 1 SYSTEMPATH\View\View.php(201): CodeIgniter\Exceptions\FrameworkException::forInvalidFile('pasien/create_pasien.php')
 2 SYSTEMPATH\Common.php(1184): CodeIgniter\View\View->render('pasien/create_pasien', [], true)
 3 APPPATH\Controllers\Housepital.php(291): view('pasien/create_pasien', [...])
 4 SYSTEMPATH\CodeIgniter.php(934): App\Controllers\Housepital->create_pasien()
 5 SYSTEMPATH\CodeIgniter.php(499): CodeIgniter\CodeIgniter->runController(Object(App\Controllers\Housepital))
 6 SYSTEMPATH\CodeIgniter.php(368): CodeIgniter\CodeIgniter->handleRequest(null, Object(Config\Cache), false)
 7 FCPATH\index.php(67): CodeIgniter\CodeIgniter->run()
 8 SYSTEMPATH\Commands\Server\rewrite.php(47): require_once('C:\\xampp\\htdocs\\housepital\\public\\index.php')
INFO - 2023-07-19 12:49:22 --> Session: Class initialized using 'CodeIgniter\Session\Handlers\FileHandler' driver.
CRITICAL - 2023-07-19 12:49:22 --> Invalid file: "pasien/create_pasien.php"
in SYSTEMPATH\Exceptions\FrameworkException.php on line 33.
 1 SYSTEMPATH\View\View.php(201): CodeIgniter\Exceptions\FrameworkException::forInvalidFile('pasien/create_pasien.php')
 2 SYSTEMPATH\Common.php(1184): CodeIgniter\View\View->render('pasien/create_pasien', [], true)
 3 APPPATH\Controllers\Housepital.php(291): view('pasien/create_pasien', [...])
 4 SYSTEMPATH\CodeIgniter.php(934): App\Controllers\Housepital->create_pasien()
 5 SYSTEMPATH\CodeIgniter.php(499): CodeIgniter\CodeIgniter->runController(Object(App\Controllers\Housepital))
 6 SYSTEMPATH\CodeIgniter.php(368): CodeIgniter\CodeIgniter->handleRequest(null, Object(Config\Cache), false)
 7 FCPATH\index.php(67): CodeIgniter\CodeIgniter->run()
 8 SYSTEMPATH\Commands\Server\rewrite.php(47): require_once('C:\\xampp\\htdocs\\housepital\\public\\index.php')
INFO - 2023-07-19 12:49:43 --> Session: Class initialized using 'CodeIgniter\Session\Handlers\FileHandler' driver.
CRITICAL - 2023-07-19 12:49:43 --> Invalid file: "pasien/create_pasien.php"
in SYSTEMPATH\Exceptions\FrameworkException.php on line 33.
 1 SYSTEMPATH\View\View.php(201): CodeIgniter\Exceptions\FrameworkException::forInvalidFile('pasien/create_pasien.php')
 2 SYSTEMPATH\Common.php(1184): CodeIgniter\View\View->render('pasien/create_pasien', [], true)
 3 APPPATH\Controllers\Housepital.php(291): view('pasien/create_pasien', [...])
 4 SYSTEMPATH\CodeIgniter.php(934): App\Controllers\Housepital->create_pasien()
 5 SYSTEMPATH\CodeIgniter.php(499): CodeIgniter\CodeIgniter->runController(Object(App\Controllers\Housepital))
 6 SYSTEMPATH\CodeIgniter.php(368): CodeIgniter\CodeIgniter->handleRequest(null, Object(Config\Cache), false)
 7 FCPATH\index.php(67): CodeIgniter\CodeIgniter->run()
 8 SYSTEMPATH\Commands\Server\rewrite.php(47): require_once('C:\\xampp\\htdocs\\housepital\\public\\index.php')
INFO - 2023-07-19 12:49:44 --> Session: Class initialized using 'CodeIgniter\Session\Handlers\FileHandler' driver.
CRITICAL - 2023-07-19 12:49:44 --> Invalid file: "pasien/create_pasien.php"
in SYSTEMPATH\Exceptions\FrameworkException.php on line 33.
 1 SYSTEMPATH\View\View.php(201): CodeIgniter\Exceptions\FrameworkException::forInvalidFile('pasien/create_pasien.php')
 2 SYSTEMPATH\Common.php(1184): CodeIgniter\View\View->render('pasien/create_pasien', [], true)
 3 APPPATH\Controllers\Housepital.php(291): view('pasien/create_pasien', [...])
 4 SYSTEMPATH\CodeIgniter.php(934): App\Controllers\Housepital->create_pasien()
 5 SYSTEMPATH\CodeIgniter.php(499): CodeIgniter\CodeIgniter->runController(Object(App\Controllers\Housepital))
 6 SYSTEMPATH\CodeIgniter.php(368): CodeIgniter\CodeIgniter->handleRequest(null, Object(Config\Cache), false)
 7 FCPATH\index.php(67): CodeIgniter\CodeIgniter->run()
 8 SYSTEMPATH\Commands\Server\rewrite.php(47): require_once('C:\\xampp\\htdocs\\housepital\\public\\index.php')
INFO - 2023-07-19 12:49:46 --> Session: Class initialized using 'CodeIgniter\Session\Handlers\FileHandler' driver.
INFO - 2023-07-19 12:49:49 --> Session: Class initialized using 'CodeIgniter\Session\Handlers\FileHandler' driver.
INFO - 2023-07-19 12:49:51 --> Session: Class initialized using 'CodeIgniter\Session\Handlers\FileHandler' driver.
CRITICAL - 2023-07-19 12:49:51 --> Invalid file: "pasien/create_pasien.php"
in SYSTEMPATH\Exceptions\FrameworkException.php on line 33.
 1 SYSTEMPATH\View\View.php(201): CodeIgniter\Exceptions\FrameworkException::forInvalidFile('pasien/create_pasien.php')
 2 SYSTEMPATH\Common.php(1184): CodeIgniter\View\View->render('pasien/create_pasien', [], true)
 3 APPPATH\Controllers\Housepital.php(291): view('pasien/create_pasien', [...])
 4 SYSTEMPATH\CodeIgniter.php(934): App\Controllers\Housepital->create_pasien()
 5 SYSTEMPATH\CodeIgniter.php(499): CodeIgniter\CodeIgniter->runController(Object(App\Controllers\Housepital))
 6 SYSTEMPATH\CodeIgniter.php(368): CodeIgniter\CodeIgniter->handleRequest(null, Object(Config\Cache), false)
 7 FCPATH\index.php(67): CodeIgniter\CodeIgniter->run()
 8 SYSTEMPATH\Commands\Server\rewrite.php(47): require_once('C:\\xampp\\htdocs\\housepital\\public\\index.php')
INFO - 2023-07-19 12:51:11 --> Session: Class initialized using 'CodeIgniter\Session\Handlers\FileHandler' driver.
CRITICAL - 2023-07-19 12:51:11 --> Invalid file: "Housepital/create_pasien.php"
in SYSTEMPATH\Exceptions\FrameworkException.php on line 33.
 1 SYSTEMPATH\View\View.php(201): CodeIgniter\Exceptions\FrameworkException::forInvalidFile('Housepital/create_pasien.php')
 2 SYSTEMPATH\Common.php(1184): CodeIgniter\View\View->render('Housepital/create_pasien', [], true)
 3 APPPATH\Controllers\Housepital.php(291): view('Housepital/create_pasien', [...])
 4 SYSTEMPATH\CodeIgniter.php(934): App\Controllers\Housepital->create_pasien()
 5 SYSTEMPATH\CodeIgniter.php(499): CodeIgniter\CodeIgniter->runController(Object(App\Controllers\Housepital))
 6 SYSTEMPATH\CodeIgniter.php(368): CodeIgniter\CodeIgniter->handleRequest(null, Object(Config\Cache), false)
 7 FCPATH\index.php(67): CodeIgniter\CodeIgniter->run()
 8 SYSTEMPATH\Commands\Server\rewrite.php(47): require_once('C:\\xampp\\htdocs\\housepital\\public\\index.php')
INFO - 2023-07-19 12:51:14 --> Session: Class initialized using 'CodeIgniter\Session\Handlers\FileHandler' driver.
INFO - 2023-07-19 12:51:16 --> Session: Class initialized using 'CodeIgniter\Session\Handlers\FileHandler' driver.
INFO - 2023-07-19 12:51:19 --> Session: Class initialized using 'CodeIgniter\Session\Handlers\FileHandler' driver.
CRITICAL - 2023-07-19 12:51:19 --> Invalid file: "Housepital/create_pasien.php"
in SYSTEMPATH\Exceptions\FrameworkException.php on line 33.
 1 SYSTEMPATH\View\View.php(201): CodeIgniter\Exceptions\FrameworkException::forInvalidFile('Housepital/create_pasien.php')
 2 SYSTEMPATH\Common.php(1184): CodeIgniter\View\View->render('Housepital/create_pasien', [], true)
 3 APPPATH\Controllers\Housepital.php(291): view('Housepital/create_pasien', [...])
 4 SYSTEMPATH\CodeIgniter.php(934): App\Controllers\Housepital->create_pasien()
 5 SYSTEMPATH\CodeIgniter.php(499): CodeIgniter\CodeIgniter->runController(Object(App\Controllers\Housepital))
 6 SYSTEMPATH\CodeIgniter.php(368): CodeIgniter\CodeIgniter->handleRequest(null, Object(Config\Cache), false)
 7 FCPATH\index.php(67): CodeIgniter\CodeIgniter->run()
 8 SYSTEMPATH\Commands\Server\rewrite.php(47): require_once('C:\\xampp\\htdocs\\housepital\\public\\index.php')
INFO - 2023-07-19 12:51:32 --> Session: Class initialized using 'CodeIgniter\Session\Handlers\FileHandler' driver.
INFO - 2023-07-19 12:52:25 --> Session: Class initialized using 'CodeIgniter\Session\Handlers\FileHandler' driver.
INFO - 2023-07-19 12:52:27 --> Session: Class initialized using 'CodeIgniter\Session\Handlers\FileHandler' driver.
INFO - 2023-07-19 12:52:29 --> Session: Class initialized using 'CodeIgniter\Session\Handlers\FileHandler' driver.
INFO - 2023-07-19 12:52:33 --> Session: Class initialized using 'CodeIgniter\Session\Handlers\FileHandler' driver.
CRITICAL - 2023-07-19 12:52:33 --> Call to undefined method App\Models\HousepitalModel::getIdpasien
in SYSTEMPATH\Model.php on line 842.
 1 APPPATH\Controllers\Housepital.php(307): CodeIgniter\Model->__call('getIdpasien', [...])
 2 SYSTEMPATH\CodeIgniter.php(934): App\Controllers\Housepital->editPasien(' 11')
 3 SYSTEMPATH\CodeIgniter.php(499): CodeIgniter\CodeIgniter->runController(Object(App\Controllers\Housepital))
 4 SYSTEMPATH\CodeIgniter.php(368): CodeIgniter\CodeIgniter->handleRequest(null, Object(Config\Cache), false)
 5 FCPATH\index.php(67): CodeIgniter\CodeIgniter->run()
 6 SYSTEMPATH\Commands\Server\rewrite.php(47): require_once('C:\\xampp\\htdocs\\housepital\\public\\index.php')
INFO - 2023-07-19 12:53:55 --> Session: Class initialized using 'CodeIgniter\Session\Handlers\FileHandler' driver.
CRITICAL - 2023-07-19 12:53:55 --> Undefined variable $pasien
in APPPATH\Views\pages\editPasien.php on line 13.
 1 APPPATH\Views\pages\editPasien.php(13): CodeIgniter\Debug\Exceptions->errorHandler(2, 'Undefined variable $pasien', 'C:\\xampp\\htdocs\\housepital\\app\\Views\\pages\\editPasien.php', 13)
 2 SYSTEMPATH\View\View.php(213): include('C:\\xampp\\htdocs\\housepital\\app\\Views\\pages\\editPasien.php')
 3 SYSTEMPATH\View\View.php(216): CodeIgniter\View\View->CodeIgniter\View\{closure}()
 4 SYSTEMPATH\Common.php(1184): CodeIgniter\View\View->render('/pages/editPasien', [], true)
 5 APPPATH\Controllers\Housepital.php(396): view('/pages/editPasien')
 6 SYSTEMPATH\CodeIgniter.php(934): App\Controllers\Housepital->editPasien(' 11')
 7 SYSTEMPATH\CodeIgniter.php(499): CodeIgniter\CodeIgniter->runController(Object(App\Controllers\Housepital))
 8 SYSTEMPATH\CodeIgniter.php(368): CodeIgniter\CodeIgniter->handleRequest(null, Object(Config\Cache), false)
 9 FCPATH\index.php(67): CodeIgniter\CodeIgniter->run()
10 SYSTEMPATH\Commands\Server\rewrite.php(47): require_once('C:\\xampp\\htdocs\\housepital\\public\\index.php')
INFO - 2023-07-19 12:54:00 --> Session: Class initialized using 'CodeIgniter\Session\Handlers\FileHandler' driver.
CRITICAL - 2023-07-19 12:54:00 --> Undefined variable $pasien
in APPPATH\Views\pages\editPasien.php on line 13.
 1 APPPATH\Views\pages\editPasien.php(13): CodeIgniter\Debug\Exceptions->errorHandler(2, 'Undefined variable $pasien', 'C:\\xampp\\htdocs\\housepital\\app\\Views\\pages\\editPasien.php', 13)
 2 SYSTEMPATH\View\View.php(213): include('C:\\xampp\\htdocs\\housepital\\app\\Views\\pages\\editPasien.php')
 3 SYSTEMPATH\View\View.php(216): CodeIgniter\View\View->CodeIgniter\View\{closure}()
 4 SYSTEMPATH\Common.php(1184): CodeIgniter\View\View->render('/pages/editPasien', [], true)
 5 APPPATH\Controllers\Housepital.php(396): view('/pages/editPasien')
 6 SYSTEMPATH\CodeIgniter.php(934): App\Controllers\Housepital->editPasien(' 11')
 7 SYSTEMPATH\CodeIgniter.php(499): CodeIgniter\CodeIgniter->runController(Object(App\Controllers\Housepital))
 8 SYSTEMPATH\CodeIgniter.php(368): CodeIgniter\CodeIgniter->handleRequest(null, Object(Config\Cache), false)
 9 FCPATH\index.php(67): CodeIgniter\CodeIgniter->run()
10 SYSTEMPATH\Commands\Server\rewrite.php(47): require_once('C:\\xampp\\htdocs\\housepital\\public\\index.php')
INFO - 2023-07-19 13:00:01 --> Session: Class initialized using 'CodeIgniter\Session\Handlers\FileHandler' driver.
CRITICAL - 2023-07-19 13:00:01 --> Undefined variable $pasien
in APPPATH\Views\pages\editPasien.php on line 13.
 1 APPPATH\Views\pages\editPasien.php(13): CodeIgniter\Debug\Exceptions->errorHandler(2, 'Undefined variable $pasien', 'C:\\xampp\\htdocs\\housepital\\app\\Views\\pages\\editPasien.php', 13)
 2 SYSTEMPATH\View\View.php(213): include('C:\\xampp\\htdocs\\housepital\\app\\Views\\pages\\editPasien.php')
 3 SYSTEMPATH\View\View.php(216): CodeIgniter\View\View->CodeIgniter\View\{closure}()
 4 SYSTEMPATH\Common.php(1184): CodeIgniter\View\View->render('/pages/editPasien', [], true)
 5 APPPATH\Controllers\Housepital.php(396): view('/pages/editPasien')
 6 SYSTEMPATH\CodeIgniter.php(934): App\Controllers\Housepital->editPasien(' 11')
 7 SYSTEMPATH\CodeIgniter.php(499): CodeIgniter\CodeIgniter->runController(Object(App\Controllers\Housepital))
 8 SYSTEMPATH\CodeIgniter.php(368): CodeIgniter\CodeIgniter->handleRequest(null, Object(Config\Cache), false)
 9 FCPATH\index.php(67): CodeIgniter\CodeIgniter->run()
10 SYSTEMPATH\Commands\Server\rewrite.php(47): require_once('C:\\xampp\\htdocs\\housepital\\public\\index.php')
INFO - 2023-07-19 13:00:03 --> Session: Class initialized using 'CodeIgniter\Session\Handlers\FileHandler' driver.
CRITICAL - 2023-07-19 13:00:03 --> Undefined array key "id_pasien"
in APPPATH\Views\pages\pasien.php on line 43.
 1 APPPATH\Views\pages\pasien.php(43): CodeIgniter\Debug\Exceptions->errorHandler(2, 'Undefined array key "id_pasien"', 'C:\\xampp\\htdocs\\housepital\\app\\Views\\pages\\pasien.php', 43)
 2 SYSTEMPATH\View\View.php(213): include('C:\\xampp\\htdocs\\housepital\\app\\Views\\pages\\pasien.php')
 3 SYSTEMPATH\View\View.php(216): CodeIgniter\View\View->CodeIgniter\View\{closure}()
 4 SYSTEMPATH\Common.php(1184): CodeIgniter\View\View->render('pages/pasien', [], true)
 5 APPPATH\Controllers\Housepital.php(200): view('pages/pasien', [...])
 6 SYSTEMPATH\CodeIgniter.php(934): App\Controllers\Housepital->pasien()
 7 SYSTEMPATH\CodeIgniter.php(499): CodeIgniter\CodeIgniter->runController(Object(App\Controllers\Housepital))
 8 SYSTEMPATH\CodeIgniter.php(368): CodeIgniter\CodeIgniter->handleRequest(null, Object(Config\Cache), false)
 9 FCPATH\index.php(67): CodeIgniter\CodeIgniter->run()
10 SYSTEMPATH\Commands\Server\rewrite.php(47): require_once('C:\\xampp\\htdocs\\housepital\\public\\index.php')
INFO - 2023-07-19 13:00:05 --> Session: Class initialized using 'CodeIgniter\Session\Handlers\FileHandler' driver.
CRITICAL - 2023-07-19 13:00:05 --> Undefined array key "id_pasien"
in APPPATH\Views\pages\pasien.php on line 43.
 1 APPPATH\Views\pages\pasien.php(43): CodeIgniter\Debug\Exceptions->errorHandler(2, 'Undefined array key "id_pasien"', 'C:\\xampp\\htdocs\\housepital\\app\\Views\\pages\\pasien.php', 43)
 2 SYSTEMPATH\View\View.php(213): include('C:\\xampp\\htdocs\\housepital\\app\\Views\\pages\\pasien.php')
 3 SYSTEMPATH\View\View.php(216): CodeIgniter\View\View->CodeIgniter\View\{closure}()
 4 SYSTEMPATH\Common.php(1184): CodeIgniter\View\View->render('pages/pasien', [], true)
 5 APPPATH\Controllers\Housepital.php(200): view('pages/pasien', [...])
 6 SYSTEMPATH\CodeIgniter.php(934): App\Controllers\Housepital->pasien()
 7 SYSTEMPATH\CodeIgniter.php(499): CodeIgniter\CodeIgniter->runController(Object(App\Controllers\Housepital))
 8 SYSTEMPATH\CodeIgniter.php(368): CodeIgniter\CodeIgniter->handleRequest(null, Object(Config\Cache), false)
 9 FCPATH\index.php(67): CodeIgniter\CodeIgniter->run()
10 SYSTEMPATH\Commands\Server\rewrite.php(47): require_once('C:\\xampp\\htdocs\\housepital\\public\\index.php')
INFO - 2023-07-19 13:01:02 --> Session: Class initialized using 'CodeIgniter\Session\Handlers\FileHandler' driver.
INFO - 2023-07-19 13:01:06 --> Session: Class initialized using 'CodeIgniter\Session\Handlers\FileHandler' driver.
INFO - 2023-07-19 13:01:10 --> Session: Class initialized using 'CodeIgniter\Session\Handlers\FileHandler' driver.
INFO - 2023-07-19 13:01:13 --> Session: Class initialized using 'CodeIgniter\Session\Handlers\FileHandler' driver.
CRITICAL - 2023-07-19 13:01:13 --> Undefined variable $value
in APPPATH\Views\pages\editPasien.php on line 13.
 1 APPPATH\Views\pages\editPasien.php(13): CodeIgniter\Debug\Exceptions->errorHandler(2, 'Undefined variable $value', 'C:\\xampp\\htdocs\\housepital\\app\\Views\\pages\\editPasien.php', 13)
 2 SYSTEMPATH\View\View.php(213): include('C:\\xampp\\htdocs\\housepital\\app\\Views\\pages\\editPasien.php')
 3 SYSTEMPATH\View\View.php(216): CodeIgniter\View\View->CodeIgniter\View\{closure}()
 4 SYSTEMPATH\Common.php(1184): CodeIgniter\View\View->render('/pages/editPasien', [], true)
 5 APPPATH\Controllers\Housepital.php(396): view('/pages/editPasien')
 6 SYSTEMPATH\CodeIgniter.php(934): App\Controllers\Housepital->editPasien(' 11')
 7 SYSTEMPATH\CodeIgniter.php(499): CodeIgniter\CodeIgniter->runController(Object(App\Controllers\Housepital))
 8 SYSTEMPATH\CodeIgniter.php(368): CodeIgniter\CodeIgniter->handleRequest(null, Object(Config\Cache), false)
 9 FCPATH\index.php(67): CodeIgniter\CodeIgniter->run()
10 SYSTEMPATH\Commands\Server\rewrite.php(47): require_once('C:\\xampp\\htdocs\\housepital\\public\\index.php')
INFO - 2023-07-19 13:01:45 --> Session: Class initialized using 'CodeIgniter\Session\Handlers\FileHandler' driver.
INFO - 2023-07-19 13:09:40 --> Session: Class initialized using 'CodeIgniter\Session\Handlers\FileHandler' driver.
INFO - 2023-07-19 13:09:47 --> Session: Class initialized using 'CodeIgniter\Session\Handlers\FileHandler' driver.
INFO - 2023-07-19 13:10:34 --> Session: Class initialized using 'CodeIgniter\Session\Handlers\FileHandler' driver.
INFO - 2023-07-19 13:10:37 --> Session: Class initialized using 'CodeIgniter\Session\Handlers\FileHandler' driver.
INFO - 2023-07-19 13:12:04 --> Session: Class initialized using 'CodeIgniter\Session\Handlers\FileHandler' driver.
CRITICAL - 2023-07-19 13:12:04 --> Undefined variable $value
in APPPATH\Views\pages\editPasien.php on line 13.
 1 APPPATH\Views\pages\editPasien.php(13): CodeIgniter\Debug\Exceptions->errorHandler(2, 'Undefined variable $value', 'C:\\xampp\\htdocs\\housepital\\app\\Views\\pages\\editPasien.php', 13)
 2 SYSTEMPATH\View\View.php(213): include('C:\\xampp\\htdocs\\housepital\\app\\Views\\pages\\editPasien.php')
 3 SYSTEMPATH\View\View.php(216): CodeIgniter\View\View->CodeIgniter\View\{closure}()
 4 SYSTEMPATH\Common.php(1184): CodeIgniter\View\View->render('/pages/editPasien', [], true)
 5 APPPATH\Controllers\Housepital.php(397): view('/pages/editPasien')
 6 SYSTEMPATH\CodeIgniter.php(934): App\Controllers\Housepital->editPasien(' 12')
 7 SYSTEMPATH\CodeIgniter.php(499): CodeIgniter\CodeIgniter->runController(Object(App\Controllers\Housepital))
 8 SYSTEMPATH\CodeIgniter.php(368): CodeIgniter\CodeIgniter->handleRequest(null, Object(Config\Cache), false)
 9 FCPATH\index.php(67): CodeIgniter\CodeIgniter->run()
10 SYSTEMPATH\Commands\Server\rewrite.php(47): require_once('C:\\xampp\\htdocs\\housepital\\public\\index.php')
INFO - 2023-07-19 13:12:21 --> Session: Class initialized using 'CodeIgniter\Session\Handlers\FileHandler' driver.
CRITICAL - 2023-07-19 13:12:21 --> Undefined variable $value
in APPPATH\Views\pages\editPasien.php on line 13.
 1 APPPATH\Views\pages\editPasien.php(13): CodeIgniter\Debug\Exceptions->errorHandler(2, 'Undefined variable $value', 'C:\\xampp\\htdocs\\housepital\\app\\Views\\pages\\editPasien.php', 13)
 2 SYSTEMPATH\View\View.php(213): include('C:\\xampp\\htdocs\\housepital\\app\\Views\\pages\\editPasien.php')
 3 SYSTEMPATH\View\View.php(216): CodeIgniter\View\View->CodeIgniter\View\{closure}()
 4 SYSTEMPATH\Common.php(1184): CodeIgniter\View\View->render('/pages/editPasien', [], true)
 5 APPPATH\Controllers\Housepital.php(397): view('/pages/editPasien')
 6 SYSTEMPATH\CodeIgniter.php(934): App\Controllers\Housepital->editPasien(' 12')
 7 SYSTEMPATH\CodeIgniter.php(499): CodeIgniter\CodeIgniter->runController(Object(App\Controllers\Housepital))
 8 SYSTEMPATH\CodeIgniter.php(368): CodeIgniter\CodeIgniter->handleRequest(null, Object(Config\Cache), false)
 9 FCPATH\index.php(67): CodeIgniter\CodeIgniter->run()
10 SYSTEMPATH\Commands\Server\rewrite.php(47): require_once('C:\\xampp\\htdocs\\housepital\\public\\index.php')
INFO - 2023-07-19 13:12:23 --> Session: Class initialized using 'CodeIgniter\Session\Handlers\FileHandler' driver.
CRITICAL - 2023-07-19 13:12:23 --> Undefined array key "id_pasien"
in APPPATH\Views\pages\pasien.php on line 43.
 1 APPPATH\Views\pages\pasien.php(43): CodeIgniter\Debug\Exceptions->errorHandler(2, 'Undefined array key "id_pasien"', 'C:\\xampp\\htdocs\\housepital\\app\\Views\\pages\\pasien.php', 43)
 2 SYSTEMPATH\View\View.php(213): include('C:\\xampp\\htdocs\\housepital\\app\\Views\\pages\\pasien.php')
 3 SYSTEMPATH\View\View.php(216): CodeIgniter\View\View->CodeIgniter\View\{closure}()
 4 SYSTEMPATH\Common.php(1184): CodeIgniter\View\View->render('pages/pasien', [], true)
 5 APPPATH\Controllers\Housepital.php(200): view('pages/pasien', [...])
 6 SYSTEMPATH\CodeIgniter.php(934): App\Controllers\Housepital->pasien()
 7 SYSTEMPATH\CodeIgniter.php(499): CodeIgniter\CodeIgniter->runController(Object(App\Controllers\Housepital))
 8 SYSTEMPATH\CodeIgniter.php(368): CodeIgniter\CodeIgniter->handleRequest(null, Object(Config\Cache), false)
 9 FCPATH\index.php(67): CodeIgniter\CodeIgniter->run()
10 SYSTEMPATH\Commands\Server\rewrite.php(47): require_once('C:\\xampp\\htdocs\\housepital\\public\\index.php')
INFO - 2023-07-19 13:14:10 --> Session: Class initialized using 'CodeIgniter\Session\Handlers\FileHandler' driver.
INFO - 2023-07-19 13:14:14 --> Session: Class initialized using 'CodeIgniter\Session\Handlers\FileHandler' driver.
CRITICAL - 2023-07-19 13:14:14 --> Undefined variable $value
in APPPATH\Views\pages\editPasien.php on line 13.
 1 APPPATH\Views\pages\editPasien.php(13): CodeIgniter\Debug\Exceptions->errorHandler(2, 'Undefined variable $value', 'C:\\xampp\\htdocs\\housepital\\app\\Views\\pages\\editPasien.php', 13)
 2 SYSTEMPATH\View\View.php(213): include('C:\\xampp\\htdocs\\housepital\\app\\Views\\pages\\editPasien.php')
 3 SYSTEMPATH\View\View.php(216): CodeIgniter\View\View->CodeIgniter\View\{closure}()
 4 SYSTEMPATH\Common.php(1184): CodeIgniter\View\View->render('/pages/editPasien', [], true)
 5 APPPATH\Controllers\Housepital.php(397): view('/pages/editPasien')
 6 SYSTEMPATH\CodeIgniter.php(934): App\Controllers\Housepital->editPasien(' 11')
 7 SYSTEMPATH\CodeIgniter.php(499): CodeIgniter\CodeIgniter->runController(Object(App\Controllers\Housepital))
 8 SYSTEMPATH\CodeIgniter.php(368): CodeIgniter\CodeIgniter->handleRequest(null, Object(Config\Cache), false)
 9 FCPATH\index.php(67): CodeIgniter\CodeIgniter->run()
10 SYSTEMPATH\Commands\Server\rewrite.php(47): require_once('C:\\xampp\\htdocs\\housepital\\public\\index.php')
INFO - 2023-07-19 13:14:44 --> Session: Class initialized using 'CodeIgniter\Session\Handlers\FileHandler' driver.
CRITICAL - 2023-07-19 13:14:44 --> Undefined variable $pasien
in APPPATH\Views\pages\editPasien.php on line 13.
 1 APPPATH\Views\pages\editPasien.php(13): CodeIgniter\Debug\Exceptions->errorHandler(2, 'Undefined variable $pasien', 'C:\\xampp\\htdocs\\housepital\\app\\Views\\pages\\editPasien.php', 13)
 2 SYSTEMPATH\View\View.php(213): include('C:\\xampp\\htdocs\\housepital\\app\\Views\\pages\\editPasien.php')
 3 SYSTEMPATH\View\View.php(216): CodeIgniter\View\View->CodeIgniter\View\{closure}()
 4 SYSTEMPATH\Common.php(1184): CodeIgniter\View\View->render('/pages/editPasien', [], true)
 5 APPPATH\Controllers\Housepital.php(397): view('/pages/editPasien')
 6 SYSTEMPATH\CodeIgniter.php(934): App\Controllers\Housepital->editPasien(' 11')
 7 SYSTEMPATH\CodeIgniter.php(499): CodeIgniter\CodeIgniter->runController(Object(App\Controllers\Housepital))
 8 SYSTEMPATH\CodeIgniter.php(368): CodeIgniter\CodeIgniter->handleRequest(null, Object(Config\Cache), false)
 9 FCPATH\index.php(67): CodeIgniter\CodeIgniter->run()
10 SYSTEMPATH\Commands\Server\rewrite.php(47): require_once('C:\\xampp\\htdocs\\housepital\\public\\index.php')
INFO - 2023-07-19 13:14:46 --> Session: Class initialized using 'CodeIgniter\Session\Handlers\FileHandler' driver.
CRITICAL - 2023-07-19 13:14:46 --> Undefined variable $pasien
in APPPATH\Views\pages\editPasien.php on line 13.
 1 APPPATH\Views\pages\editPasien.php(13): CodeIgniter\Debug\Exceptions->errorHandler(2, 'Undefined variable $pasien', 'C:\\xampp\\htdocs\\housepital\\app\\Views\\pages\\editPasien.php', 13)
 2 SYSTEMPATH\View\View.php(213): include('C:\\xampp\\htdocs\\housepital\\app\\Views\\pages\\editPasien.php')
 3 SYSTEMPATH\View\View.php(216): CodeIgniter\View\View->CodeIgniter\View\{closure}()
 4 SYSTEMPATH\Common.php(1184): CodeIgniter\View\View->render('/pages/editPasien', [], true)
 5 APPPATH\Controllers\Housepital.php(397): view('/pages/editPasien')
 6 SYSTEMPATH\CodeIgniter.php(934): App\Controllers\Housepital->editPasien(' 11')
 7 SYSTEMPATH\CodeIgniter.php(499): CodeIgniter\CodeIgniter->runController(Object(App\Controllers\Housepital))
 8 SYSTEMPATH\CodeIgniter.php(368): CodeIgniter\CodeIgniter->handleRequest(null, Object(Config\Cache), false)
 9 FCPATH\index.php(67): CodeIgniter\CodeIgniter->run()
10 SYSTEMPATH\Commands\Server\rewrite.php(47): require_once('C:\\xampp\\htdocs\\housepital\\public\\index.php')
INFO - 2023-07-19 13:15:15 --> Session: Class initialized using 'CodeIgniter\Session\Handlers\FileHandler' driver.
INFO - 2023-07-19 13:15:16 --> Session: Class initialized using 'CodeIgniter\Session\Handlers\FileHandler' driver.
INFO - 2023-07-19 13:15:19 --> Session: Class initialized using 'CodeIgniter\Session\Handlers\FileHandler' driver.
INFO - 2023-07-19 13:17:15 --> Session: Class initialized using 'CodeIgniter\Session\Handlers\FileHandler' driver.
CRITICAL - 2023-07-19 13:17:15 --> Undefined variable $pasien
in APPPATH\Views\pages\editPasien.php on line 13.
 1 APPPATH\Views\pages\editPasien.php(13): CodeIgniter\Debug\Exceptions->errorHandler(2, 'Undefined variable $pasien', 'C:\\xampp\\htdocs\\housepital\\app\\Views\\pages\\editPasien.php', 13)
 2 SYSTEMPATH\View\View.php(213): include('C:\\xampp\\htdocs\\housepital\\app\\Views\\pages\\editPasien.php')
 3 SYSTEMPATH\View\View.php(216): CodeIgniter\View\View->CodeIgniter\View\{closure}()
 4 SYSTEMPATH\Common.php(1184): CodeIgniter\View\View->render('/pages/editPasien', [], true)
 5 APPPATH\Controllers\Housepital.php(397): view('/pages/editPasien')
 6 SYSTEMPATH\CodeIgniter.php(934): App\Controllers\Housepital->editPasien(' 11')
 7 SYSTEMPATH\CodeIgniter.php(499): CodeIgniter\CodeIgniter->runController(Object(App\Controllers\Housepital))
 8 SYSTEMPATH\CodeIgniter.php(368): CodeIgniter\CodeIgniter->handleRequest(null, Object(Config\Cache), false)
 9 FCPATH\index.php(67): CodeIgniter\CodeIgniter->run()
10 SYSTEMPATH\Commands\Server\rewrite.php(47): require_once('C:\\xampp\\htdocs\\housepital\\public\\index.php')
INFO - 2023-07-19 13:17:17 --> Session: Class initialized using 'CodeIgniter\Session\Handlers\FileHandler' driver.
CRITICAL - 2023-07-19 13:17:17 --> Undefined variable $pasien
in APPPATH\Views\pages\editPasien.php on line 13.
 1 APPPATH\Views\pages\editPasien.php(13): CodeIgniter\Debug\Exceptions->errorHandler(2, 'Undefined variable $pasien', 'C:\\xampp\\htdocs\\housepital\\app\\Views\\pages\\editPasien.php', 13)
 2 SYSTEMPATH\View\View.php(213): include('C:\\xampp\\htdocs\\housepital\\app\\Views\\pages\\editPasien.php')
 3 SYSTEMPATH\View\View.php(216): CodeIgniter\View\View->CodeIgniter\View\{closure}()
 4 SYSTEMPATH\Common.php(1184): CodeIgniter\View\View->render('/pages/editPasien', [], true)
 5 APPPATH\Controllers\Housepital.php(397): view('/pages/editPasien')
 6 SYSTEMPATH\CodeIgniter.php(934): App\Controllers\Housepital->editPasien(' 11')
 7 SYSTEMPATH\CodeIgniter.php(499): CodeIgniter\CodeIgniter->runController(Object(App\Controllers\Housepital))
 8 SYSTEMPATH\CodeIgniter.php(368): CodeIgniter\CodeIgniter->handleRequest(null, Object(Config\Cache), false)
 9 FCPATH\index.php(67): CodeIgniter\CodeIgniter->run()
10 SYSTEMPATH\Commands\Server\rewrite.php(47): require_once('C:\\xampp\\htdocs\\housepital\\public\\index.php')
INFO - 2023-07-19 13:30:13 --> Session: Class initialized using 'CodeIgniter\Session\Handlers\FileHandler' driver.
CRITICAL - 2023-07-19 13:30:13 --> Call to undefined method App\Models\PasienModel::getIddokter
in SYSTEMPATH\Model.php on line 842.
 1 APPPATH\Controllers\Housepital.php(308): CodeIgniter\Model->__call('getIddokter', [...])
 2 SYSTEMPATH\CodeIgniter.php(934): App\Controllers\Housepital->editPasien(' 11')
 3 SYSTEMPATH\CodeIgniter.php(499): CodeIgniter\CodeIgniter->runController(Object(App\Controllers\Housepital))
 4 SYSTEMPATH\CodeIgniter.php(368): CodeIgniter\CodeIgniter->handleRequest(null, Object(Config\Cache), false)
 5 FCPATH\index.php(67): CodeIgniter\CodeIgniter->run()
 6 SYSTEMPATH\Commands\Server\rewrite.php(47): require_once('C:\\xampp\\htdocs\\housepital\\public\\index.php')
INFO - 2023-07-19 13:31:22 --> Session: Class initialized using 'CodeIgniter\Session\Handlers\FileHandler' driver.
INFO - 2023-07-19 13:31:32 --> Session: Class initialized using 'CodeIgniter\Session\Handlers\FileHandler' driver.
INFO - 2023-07-19 13:31:36 --> Session: Class initialized using 'CodeIgniter\Session\Handlers\FileHandler' driver.
INFO - 2023-07-19 13:31:41 --> Session: Class initialized using 'CodeIgniter\Session\Handlers\FileHandler' driver.
INFO - 2023-07-19 13:31:54 --> Session: Class initialized using 'CodeIgniter\Session\Handlers\FileHandler' driver.
INFO - 2023-07-19 13:35:16 --> Session: Class initialized using 'CodeIgniter\Session\Handlers\FileHandler' driver.
INFO - 2023-07-19 13:35:20 --> Session: Class initialized using 'CodeIgniter\Session\Handlers\FileHandler' driver.
