CRITICAL - 2023-07-09 16:51:56 --> Undefined variable $title
in APPPATH\Views\layout\template.php on line 14.
 1 APPPATH\Views\layout\template.php(14): CodeIgniter\Debug\Exceptions->errorHandler(2, 'Undefined variable $title', 'C:\\xampp\\htdocs\\housepital\\app\\Views\\layout\\template.php', 14)
 2 SYSTEMPATH\View\View.php(213): include('C:\\xampp\\htdocs\\housepital\\app\\Views\\layout\\template.php')
 3 SYSTEMPATH\View\View.php(216): CodeIgniter\View\View->CodeIgniter\View\{closure}()
 4 SYSTEMPATH\View\View.php(229): CodeIgniter\View\View->render('layout/template', [], true)
 5 SYSTEMPATH\Common.php(1184): CodeIgniter\View\View->render('dokter/index', [], true)
 6 APPPATH\Controllers\Dokter.php(12): view('dokter/index')
 7 SYSTEMPATH\CodeIgniter.php(934): App\Controllers\Dokter->index()
 8 SYSTEMPATH\CodeIgniter.php(499): CodeIgniter\CodeIgniter->runController(Object(App\Controllers\Dokter))
 9 SYSTEMPATH\CodeIgniter.php(368): CodeIgniter\CodeIgniter->handleRequest(null, Object(Config\Cache), false)
10 FCPATH\index.php(67): CodeIgniter\CodeIgniter->run()
11 SYSTEMPATH\Commands\Server\rewrite.php(47): require_once('C:\\xampp\\htdocs\\housepital\\public\\index.php')
CRITICAL - 2023-07-09 16:52:28 --> Undefined variable $title
in APPPATH\Views\layout\template.php on line 14.
 1 APPPATH\Views\layout\template.php(14): CodeIgniter\Debug\Exceptions->errorHandler(2, 'Undefined variable $title', 'C:\\xampp\\htdocs\\housepital\\app\\Views\\layout\\template.php', 14)
 2 SYSTEMPATH\View\View.php(213): include('C:\\xampp\\htdocs\\housepital\\app\\Views\\layout\\template.php')
 3 SYSTEMPATH\View\View.php(216): CodeIgniter\View\View->CodeIgniter\View\{closure}()
 4 SYSTEMPATH\View\View.php(229): CodeIgniter\View\View->render('layout/template', [], true)
 5 SYSTEMPATH\Common.php(1184): CodeIgniter\View\View->render('dokter/index', [], true)
 6 APPPATH\Controllers\Dokter.php(12): view('dokter/index')
 7 SYSTEMPATH\CodeIgniter.php(934): App\Controllers\Dokter->index()
 8 SYSTEMPATH\CodeIgniter.php(499): CodeIgniter\CodeIgniter->runController(Object(App\Controllers\Dokter))
 9 SYSTEMPATH\CodeIgniter.php(368): CodeIgniter\CodeIgniter->handleRequest(null, Object(Config\Cache), false)
10 FCPATH\index.php(67): CodeIgniter\CodeIgniter->run()
11 SYSTEMPATH\Commands\Server\rewrite.php(47): require_once('C:\\xampp\\htdocs\\housepital\\public\\index.php')
CRITICAL - 2023-07-09 17:48:57 --> Class "App\Models\DokterkModel" not found
in APPPATH\Controllers\Dokter.php on line 17.
 1 SYSTEMPATH\CodeIgniter.php(934): App\Controllers\Dokter->index()
 2 SYSTEMPATH\CodeIgniter.php(499): CodeIgniter\CodeIgniter->runController(Object(App\Controllers\Dokter))
 3 SYSTEMPATH\CodeIgniter.php(368): CodeIgniter\CodeIgniter->handleRequest(null, Object(Config\Cache), false)
 4 FCPATH\index.php(67): CodeIgniter\CodeIgniter->run()
 5 SYSTEMPATH\Commands\Server\rewrite.php(47): require_once('C:\\xampp\\htdocs\\housepital\\public\\index.php')
ERROR - 2023-07-09 17:54:07 --> mysqli_sql_exception: Table 'housepital.housepita' doesn't exist in C:\xampp\htdocs\housepital\system\Database\MySQLi\Connection.php:295
Stack trace:
#0 C:\xampp\htdocs\housepital\system\Database\MySQLi\Connection.php(295): mysqli->query('SELECT *\nFROM `...', 0)
#1 C:\xampp\htdocs\housepital\system\Database\BaseConnection.php(692): CodeIgniter\Database\MySQLi\Connection->execute('SELECT *\nFROM `...')
#2 C:\xampp\htdocs\housepital\system\Database\BaseConnection.php(606): CodeIgniter\Database\BaseConnection->simpleQuery('SELECT *\nFROM `...')
#3 C:\xampp\htdocs\housepital\system\Database\BaseBuilder.php(1616): CodeIgniter\Database\BaseConnection->query('SELECT *\nFROM `...', Array, false)
#4 C:\xampp\htdocs\housepital\system\Model.php(241): CodeIgniter\Database\BaseBuilder->get()
#5 C:\xampp\htdocs\housepital\system\BaseModel.php(618): CodeIgniter\Model->doFindAll(0, 0)
#6 C:\xampp\htdocs\housepital\app\Controllers\Dokter.php(18): CodeIgniter\BaseModel->findAll()
#7 C:\xampp\htdocs\housepital\system\CodeIgniter.php(934): App\Controllers\Dokter->index()
#8 C:\xampp\htdocs\housepital\system\CodeIgniter.php(499): CodeIgniter\CodeIgniter->runController(Object(App\Controllers\Dokter))
#9 C:\xampp\htdocs\housepital\system\CodeIgniter.php(368): CodeIgniter\CodeIgniter->handleRequest(NULL, Object(Config\Cache), false)
#10 C:\xampp\htdocs\housepital\public\index.php(67): CodeIgniter\CodeIgniter->run()
#11 C:\xampp\htdocs\housepital\system\Commands\Server\rewrite.php(47): require_once('C:\\xampp\\htdocs...')
#12 {main}
CRITICAL - 2023-07-09 17:54:07 --> Table 'housepital.housepita' doesn't exist
in SYSTEMPATH\Database\MySQLi\Connection.php on line 295.
 1 SYSTEMPATH\Database\MySQLi\Connection.php(295): mysqli->query('SELECT *
FROM `housepita`', 0)
 2 SYSTEMPATH\Database\BaseConnection.php(692): CodeIgniter\Database\MySQLi\Connection->execute('SELECT *
FROM `housepita`')
 3 SYSTEMPATH\Database\BaseConnection.php(606): CodeIgniter\Database\BaseConnection->simpleQuery('SELECT *
FROM `housepita`')
 4 SYSTEMPATH\Database\BaseBuilder.php(1616): CodeIgniter\Database\BaseConnection->query('SELECT *
FROM `housepita`', [], false)
 5 SYSTEMPATH\Model.php(241): CodeIgniter\Database\BaseBuilder->get()
 6 SYSTEMPATH\BaseModel.php(618): CodeIgniter\Model->doFindAll(0, 0)
 7 APPPATH\Controllers\Dokter.php(18): CodeIgniter\BaseModel->findAll()
 8 SYSTEMPATH\CodeIgniter.php(934): App\Controllers\Dokter->index()
 9 SYSTEMPATH\CodeIgniter.php(499): CodeIgniter\CodeIgniter->runController(Object(App\Controllers\Dokter))
10 SYSTEMPATH\CodeIgniter.php(368): CodeIgniter\CodeIgniter->handleRequest(null, Object(Config\Cache), false)
11 FCPATH\index.php(67): CodeIgniter\CodeIgniter->run()
12 SYSTEMPATH\Commands\Server\rewrite.php(47): require_once('C:\\xampp\\htdocs\\housepital\\public\\index.php')
ERROR - 2023-07-09 17:54:33 --> mysqli_sql_exception: Table 'housepital.housepital' doesn't exist in C:\xampp\htdocs\housepital\system\Database\MySQLi\Connection.php:295
Stack trace:
#0 C:\xampp\htdocs\housepital\system\Database\MySQLi\Connection.php(295): mysqli->query('SELECT *\nFROM `...', 0)
#1 C:\xampp\htdocs\housepital\system\Database\BaseConnection.php(692): CodeIgniter\Database\MySQLi\Connection->execute('SELECT *\nFROM `...')
#2 C:\xampp\htdocs\housepital\system\Database\BaseConnection.php(606): CodeIgniter\Database\BaseConnection->simpleQuery('SELECT *\nFROM `...')
#3 C:\xampp\htdocs\housepital\system\Database\BaseBuilder.php(1616): CodeIgniter\Database\BaseConnection->query('SELECT *\nFROM `...', Array, false)
#4 C:\xampp\htdocs\housepital\system\Model.php(241): CodeIgniter\Database\BaseBuilder->get()
#5 C:\xampp\htdocs\housepital\system\BaseModel.php(618): CodeIgniter\Model->doFindAll(0, 0)
#6 C:\xampp\htdocs\housepital\app\Controllers\Dokter.php(18): CodeIgniter\BaseModel->findAll()
#7 C:\xampp\htdocs\housepital\system\CodeIgniter.php(934): App\Controllers\Dokter->index()
#8 C:\xampp\htdocs\housepital\system\CodeIgniter.php(499): CodeIgniter\CodeIgniter->runController(Object(App\Controllers\Dokter))
#9 C:\xampp\htdocs\housepital\system\CodeIgniter.php(368): CodeIgniter\CodeIgniter->handleRequest(NULL, Object(Config\Cache), false)
#10 C:\xampp\htdocs\housepital\public\index.php(67): CodeIgniter\CodeIgniter->run()
#11 C:\xampp\htdocs\housepital\system\Commands\Server\rewrite.php(47): require_once('C:\\xampp\\htdocs...')
#12 {main}
CRITICAL - 2023-07-09 17:54:33 --> Table 'housepital.housepital' doesn't exist
in SYSTEMPATH\Database\MySQLi\Connection.php on line 295.
 1 SYSTEMPATH\Database\MySQLi\Connection.php(295): mysqli->query('SELECT *
FROM `housepital`', 0)
 2 SYSTEMPATH\Database\BaseConnection.php(692): CodeIgniter\Database\MySQLi\Connection->execute('SELECT *
FROM `housepital`')
 3 SYSTEMPATH\Database\BaseConnection.php(606): CodeIgniter\Database\BaseConnection->simpleQuery('SELECT *
FROM `housepital`')
 4 SYSTEMPATH\Database\BaseBuilder.php(1616): CodeIgniter\Database\BaseConnection->query('SELECT *
FROM `housepital`', [], false)
 5 SYSTEMPATH\Model.php(241): CodeIgniter\Database\BaseBuilder->get()
 6 SYSTEMPATH\BaseModel.php(618): CodeIgniter\Model->doFindAll(0, 0)
 7 APPPATH\Controllers\Dokter.php(18): CodeIgniter\BaseModel->findAll()
 8 SYSTEMPATH\CodeIgniter.php(934): App\Controllers\Dokter->index()
 9 SYSTEMPATH\CodeIgniter.php(499): CodeIgniter\CodeIgniter->runController(Object(App\Controllers\Dokter))
10 SYSTEMPATH\CodeIgniter.php(368): CodeIgniter\CodeIgniter->handleRequest(null, Object(Config\Cache), false)
11 FCPATH\index.php(67): CodeIgniter\CodeIgniter->run()
12 SYSTEMPATH\Commands\Server\rewrite.php(47): require_once('C:\\xampp\\htdocs\\housepital\\public\\index.php')
CRITICAL - 2023-07-09 18:05:30 --> foreach() argument must be of type array|object, string given
in APPPATH\Views\dokter\index.php on line 23.
 1 APPPATH\Views\dokter\index.php(23): CodeIgniter\Debug\Exceptions->errorHandler(2, 'foreach() argument must be of type array|object, string given', 'C:\\xampp\\htdocs\\housepital\\app\\Views\\dokter\\index.php', 23)
 2 SYSTEMPATH\View\View.php(213): include('C:\\xampp\\htdocs\\housepital\\app\\Views\\dokter\\index.php')
 3 SYSTEMPATH\View\View.php(216): CodeIgniter\View\View->CodeIgniter\View\{closure}()
 4 SYSTEMPATH\Common.php(1184): CodeIgniter\View\View->render('dokter/index', [], true)
 5 APPPATH\Controllers\Dokter.php(25): view('dokter/index', [...])
 6 SYSTEMPATH\CodeIgniter.php(934): App\Controllers\Dokter->index()
 7 SYSTEMPATH\CodeIgniter.php(499): CodeIgniter\CodeIgniter->runController(Object(App\Controllers\Dokter))
 8 SYSTEMPATH\CodeIgniter.php(368): CodeIgniter\CodeIgniter->handleRequest(null, Object(Config\Cache), false)
 9 FCPATH\index.php(67): CodeIgniter\CodeIgniter->run()
10 SYSTEMPATH\Commands\Server\rewrite.php(47): require_once('C:\\xampp\\htdocs\\housepital\\public\\index.php')
CRITICAL - 2023-07-09 18:07:39 --> foreach() argument must be of type array|object, string given
in APPPATH\Views\dokter\index.php on line 23.
 1 APPPATH\Views\dokter\index.php(23): CodeIgniter\Debug\Exceptions->errorHandler(2, 'foreach() argument must be of type array|object, string given', 'C:\\xampp\\htdocs\\housepital\\app\\Views\\dokter\\index.php', 23)
 2 SYSTEMPATH\View\View.php(213): include('C:\\xampp\\htdocs\\housepital\\app\\Views\\dokter\\index.php')
 3 SYSTEMPATH\View\View.php(216): CodeIgniter\View\View->CodeIgniter\View\{closure}()
 4 SYSTEMPATH\Common.php(1184): CodeIgniter\View\View->render('dokter/index', [], true)
 5 APPPATH\Controllers\Dokter.php(25): view('dokter/index', [...])
 6 SYSTEMPATH\CodeIgniter.php(934): App\Controllers\Dokter->index()
 7 SYSTEMPATH\CodeIgniter.php(499): CodeIgniter\CodeIgniter->runController(Object(App\Controllers\Dokter))
 8 SYSTEMPATH\CodeIgniter.php(368): CodeIgniter\CodeIgniter->handleRequest(null, Object(Config\Cache), false)
 9 FCPATH\index.php(67): CodeIgniter\CodeIgniter->run()
10 SYSTEMPATH\Commands\Server\rewrite.php(47): require_once('C:\\xampp\\htdocs\\housepital\\public\\index.php')
CRITICAL - 2023-07-09 18:07:41 --> foreach() argument must be of type array|object, string given
in APPPATH\Views\dokter\index.php on line 23.
 1 APPPATH\Views\dokter\index.php(23): CodeIgniter\Debug\Exceptions->errorHandler(2, 'foreach() argument must be of type array|object, string given', 'C:\\xampp\\htdocs\\housepital\\app\\Views\\dokter\\index.php', 23)
 2 SYSTEMPATH\View\View.php(213): include('C:\\xampp\\htdocs\\housepital\\app\\Views\\dokter\\index.php')
 3 SYSTEMPATH\View\View.php(216): CodeIgniter\View\View->CodeIgniter\View\{closure}()
 4 SYSTEMPATH\Common.php(1184): CodeIgniter\View\View->render('dokter/index', [], true)
 5 APPPATH\Controllers\Dokter.php(25): view('dokter/index', [...])
 6 SYSTEMPATH\CodeIgniter.php(934): App\Controllers\Dokter->index()
 7 SYSTEMPATH\CodeIgniter.php(499): CodeIgniter\CodeIgniter->runController(Object(App\Controllers\Dokter))
 8 SYSTEMPATH\CodeIgniter.php(368): CodeIgniter\CodeIgniter->handleRequest(null, Object(Config\Cache), false)
 9 FCPATH\index.php(67): CodeIgniter\CodeIgniter->run()
10 SYSTEMPATH\Commands\Server\rewrite.php(47): require_once('C:\\xampp\\htdocs\\housepital\\public\\index.php')
CRITICAL - 2023-07-09 18:07:41 --> foreach() argument must be of type array|object, string given
in APPPATH\Views\dokter\index.php on line 23.
 1 APPPATH\Views\dokter\index.php(23): CodeIgniter\Debug\Exceptions->errorHandler(2, 'foreach() argument must be of type array|object, string given', 'C:\\xampp\\htdocs\\housepital\\app\\Views\\dokter\\index.php', 23)
 2 SYSTEMPATH\View\View.php(213): include('C:\\xampp\\htdocs\\housepital\\app\\Views\\dokter\\index.php')
 3 SYSTEMPATH\View\View.php(216): CodeIgniter\View\View->CodeIgniter\View\{closure}()
 4 SYSTEMPATH\Common.php(1184): CodeIgniter\View\View->render('dokter/index', [], true)
 5 APPPATH\Controllers\Dokter.php(25): view('dokter/index', [...])
 6 SYSTEMPATH\CodeIgniter.php(934): App\Controllers\Dokter->index()
 7 SYSTEMPATH\CodeIgniter.php(499): CodeIgniter\CodeIgniter->runController(Object(App\Controllers\Dokter))
 8 SYSTEMPATH\CodeIgniter.php(368): CodeIgniter\CodeIgniter->handleRequest(null, Object(Config\Cache), false)
 9 FCPATH\index.php(67): CodeIgniter\CodeIgniter->run()
10 SYSTEMPATH\Commands\Server\rewrite.php(47): require_once('C:\\xampp\\htdocs\\housepital\\public\\index.php')
CRITICAL - 2023-07-09 18:08:27 --> foreach() argument must be of type array|object, string given
in APPPATH\Views\dokter\index.php on line 23.
 1 APPPATH\Views\dokter\index.php(23): CodeIgniter\Debug\Exceptions->errorHandler(2, 'foreach() argument must be of type array|object, string given', 'C:\\xampp\\htdocs\\housepital\\app\\Views\\dokter\\index.php', 23)
 2 SYSTEMPATH\View\View.php(213): include('C:\\xampp\\htdocs\\housepital\\app\\Views\\dokter\\index.php')
 3 SYSTEMPATH\View\View.php(216): CodeIgniter\View\View->CodeIgniter\View\{closure}()
 4 SYSTEMPATH\Common.php(1184): CodeIgniter\View\View->render('dokter/index', [], true)
 5 APPPATH\Controllers\Dokter.php(25): view('dokter/index', [...])
 6 SYSTEMPATH\CodeIgniter.php(934): App\Controllers\Dokter->index()
 7 SYSTEMPATH\CodeIgniter.php(499): CodeIgniter\CodeIgniter->runController(Object(App\Controllers\Dokter))
 8 SYSTEMPATH\CodeIgniter.php(368): CodeIgniter\CodeIgniter->handleRequest(null, Object(Config\Cache), false)
 9 FCPATH\index.php(67): CodeIgniter\CodeIgniter->run()
10 SYSTEMPATH\Commands\Server\rewrite.php(47): require_once('C:\\xampp\\htdocs\\housepital\\public\\index.php')
CRITICAL - 2023-07-09 18:10:39 --> foreach() argument must be of type array|object, string given
in APPPATH\Views\dokter\index.php on line 23.
 1 APPPATH\Views\dokter\index.php(23): CodeIgniter\Debug\Exceptions->errorHandler(2, 'foreach() argument must be of type array|object, string given', 'C:\\xampp\\htdocs\\housepital\\app\\Views\\dokter\\index.php', 23)
 2 SYSTEMPATH\View\View.php(213): include('C:\\xampp\\htdocs\\housepital\\app\\Views\\dokter\\index.php')
 3 SYSTEMPATH\View\View.php(216): CodeIgniter\View\View->CodeIgniter\View\{closure}()
 4 SYSTEMPATH\Common.php(1184): CodeIgniter\View\View->render('dokter/index', [], true)
 5 APPPATH\Controllers\Dokter.php(25): view('dokter/index', [...])
 6 SYSTEMPATH\CodeIgniter.php(934): App\Controllers\Dokter->index()
 7 SYSTEMPATH\CodeIgniter.php(499): CodeIgniter\CodeIgniter->runController(Object(App\Controllers\Dokter))
 8 SYSTEMPATH\CodeIgniter.php(368): CodeIgniter\CodeIgniter->handleRequest(null, Object(Config\Cache), false)
 9 FCPATH\index.php(67): CodeIgniter\CodeIgniter->run()
10 SYSTEMPATH\Commands\Server\rewrite.php(47): require_once('C:\\xampp\\htdocs\\housepital\\public\\index.php')
CRITICAL - 2023-07-09 18:11:15 --> foreach() argument must be of type array|object, string given
in APPPATH\Views\dokter\index.php on line 22.
 1 APPPATH\Views\dokter\index.php(22): CodeIgniter\Debug\Exceptions->errorHandler(2, 'foreach() argument must be of type array|object, string given', 'C:\\xampp\\htdocs\\housepital\\app\\Views\\dokter\\index.php', 22)
 2 SYSTEMPATH\View\View.php(213): include('C:\\xampp\\htdocs\\housepital\\app\\Views\\dokter\\index.php')
 3 SYSTEMPATH\View\View.php(216): CodeIgniter\View\View->CodeIgniter\View\{closure}()
 4 SYSTEMPATH\Common.php(1184): CodeIgniter\View\View->render('dokter/index', [], true)
 5 APPPATH\Controllers\Dokter.php(25): view('dokter/index', [...])
 6 SYSTEMPATH\CodeIgniter.php(934): App\Controllers\Dokter->index()
 7 SYSTEMPATH\CodeIgniter.php(499): CodeIgniter\CodeIgniter->runController(Object(App\Controllers\Dokter))
 8 SYSTEMPATH\CodeIgniter.php(368): CodeIgniter\CodeIgniter->handleRequest(null, Object(Config\Cache), false)
 9 FCPATH\index.php(67): CodeIgniter\CodeIgniter->run()
10 SYSTEMPATH\Commands\Server\rewrite.php(47): require_once('C:\\xampp\\htdocs\\housepital\\public\\index.php')
CRITICAL - 2023-07-09 18:13:21 --> Undefined array key "nama"
in APPPATH\Views\dokter\index.php on line 26.
 1 APPPATH\Views\dokter\index.php(26): CodeIgniter\Debug\Exceptions->errorHandler(2, 'Undefined array key "nama"', 'C:\\xampp\\htdocs\\housepital\\app\\Views\\dokter\\index.php', 26)
 2 SYSTEMPATH\View\View.php(213): include('C:\\xampp\\htdocs\\housepital\\app\\Views\\dokter\\index.php')
 3 SYSTEMPATH\View\View.php(216): CodeIgniter\View\View->CodeIgniter\View\{closure}()
 4 SYSTEMPATH\Common.php(1184): CodeIgniter\View\View->render('dokter/index', [], true)
 5 APPPATH\Controllers\Dokter.php(25): view('dokter/index', [...])
 6 SYSTEMPATH\CodeIgniter.php(934): App\Controllers\Dokter->index()
 7 SYSTEMPATH\CodeIgniter.php(499): CodeIgniter\CodeIgniter->runController(Object(App\Controllers\Dokter))
 8 SYSTEMPATH\CodeIgniter.php(368): CodeIgniter\CodeIgniter->handleRequest(null, Object(Config\Cache), false)
 9 FCPATH\index.php(67): CodeIgniter\CodeIgniter->run()
10 SYSTEMPATH\Commands\Server\rewrite.php(47): require_once('C:\\xampp\\htdocs\\housepital\\public\\index.php')
CRITICAL - 2023-07-09 18:13:23 --> Undefined array key "nama"
in APPPATH\Views\dokter\index.php on line 26.
 1 APPPATH\Views\dokter\index.php(26): CodeIgniter\Debug\Exceptions->errorHandler(2, 'Undefined array key "nama"', 'C:\\xampp\\htdocs\\housepital\\app\\Views\\dokter\\index.php', 26)
 2 SYSTEMPATH\View\View.php(213): include('C:\\xampp\\htdocs\\housepital\\app\\Views\\dokter\\index.php')
 3 SYSTEMPATH\View\View.php(216): CodeIgniter\View\View->CodeIgniter\View\{closure}()
 4 SYSTEMPATH\Common.php(1184): CodeIgniter\View\View->render('dokter/index', [], true)
 5 APPPATH\Controllers\Dokter.php(25): view('dokter/index', [...])
 6 SYSTEMPATH\CodeIgniter.php(934): App\Controllers\Dokter->index()
 7 SYSTEMPATH\CodeIgniter.php(499): CodeIgniter\CodeIgniter->runController(Object(App\Controllers\Dokter))
 8 SYSTEMPATH\CodeIgniter.php(368): CodeIgniter\CodeIgniter->handleRequest(null, Object(Config\Cache), false)
 9 FCPATH\index.php(67): CodeIgniter\CodeIgniter->run()
10 SYSTEMPATH\Commands\Server\rewrite.php(47): require_once('C:\\xampp\\htdocs\\housepital\\public\\index.php')
CRITICAL - 2023-07-09 18:13:24 --> Undefined array key "nama"
in APPPATH\Views\dokter\index.php on line 26.
 1 APPPATH\Views\dokter\index.php(26): CodeIgniter\Debug\Exceptions->errorHandler(2, 'Undefined array key "nama"', 'C:\\xampp\\htdocs\\housepital\\app\\Views\\dokter\\index.php', 26)
 2 SYSTEMPATH\View\View.php(213): include('C:\\xampp\\htdocs\\housepital\\app\\Views\\dokter\\index.php')
 3 SYSTEMPATH\View\View.php(216): CodeIgniter\View\View->CodeIgniter\View\{closure}()
 4 SYSTEMPATH\Common.php(1184): CodeIgniter\View\View->render('dokter/index', [], true)
 5 APPPATH\Controllers\Dokter.php(25): view('dokter/index', [...])
 6 SYSTEMPATH\CodeIgniter.php(934): App\Controllers\Dokter->index()
 7 SYSTEMPATH\CodeIgniter.php(499): CodeIgniter\CodeIgniter->runController(Object(App\Controllers\Dokter))
 8 SYSTEMPATH\CodeIgniter.php(368): CodeIgniter\CodeIgniter->handleRequest(null, Object(Config\Cache), false)
 9 FCPATH\index.php(67): CodeIgniter\CodeIgniter->run()
10 SYSTEMPATH\Commands\Server\rewrite.php(47): require_once('C:\\xampp\\htdocs\\housepital\\public\\index.php')
CRITICAL - 2023-07-09 18:13:53 --> Undefined array key "nama"
in APPPATH\Views\dokter\index.php on line 26.
 1 APPPATH\Views\dokter\index.php(26): CodeIgniter\Debug\Exceptions->errorHandler(2, 'Undefined array key "nama"', 'C:\\xampp\\htdocs\\housepital\\app\\Views\\dokter\\index.php', 26)
 2 SYSTEMPATH\View\View.php(213): include('C:\\xampp\\htdocs\\housepital\\app\\Views\\dokter\\index.php')
 3 SYSTEMPATH\View\View.php(216): CodeIgniter\View\View->CodeIgniter\View\{closure}()
 4 SYSTEMPATH\Common.php(1184): CodeIgniter\View\View->render('dokter/index', [], true)
 5 APPPATH\Controllers\Dokter.php(25): view('dokter/index', [...])
 6 SYSTEMPATH\CodeIgniter.php(934): App\Controllers\Dokter->index()
 7 SYSTEMPATH\CodeIgniter.php(499): CodeIgniter\CodeIgniter->runController(Object(App\Controllers\Dokter))
 8 SYSTEMPATH\CodeIgniter.php(368): CodeIgniter\CodeIgniter->handleRequest(null, Object(Config\Cache), false)
 9 FCPATH\index.php(67): CodeIgniter\CodeIgniter->run()
10 SYSTEMPATH\Commands\Server\rewrite.php(47): require_once('C:\\xampp\\htdocs\\housepital\\public\\index.php')
CRITICAL - 2023-07-09 18:27:22 --> Undefined array key "alamat_dok"
in APPPATH\Views\dokter\index.php on line 29.
 1 APPPATH\Views\dokter\index.php(29): CodeIgniter\Debug\Exceptions->errorHandler(2, 'Undefined array key "alamat_dok"', 'C:\\xampp\\htdocs\\housepital\\app\\Views\\dokter\\index.php', 29)
 2 SYSTEMPATH\View\View.php(213): include('C:\\xampp\\htdocs\\housepital\\app\\Views\\dokter\\index.php')
 3 SYSTEMPATH\View\View.php(216): CodeIgniter\View\View->CodeIgniter\View\{closure}()
 4 SYSTEMPATH\Common.php(1184): CodeIgniter\View\View->render('dokter/index', [], true)
 5 APPPATH\Controllers\Dokter.php(25): view('dokter/index', [...])
 6 SYSTEMPATH\CodeIgniter.php(934): App\Controllers\Dokter->index()
 7 SYSTEMPATH\CodeIgniter.php(499): CodeIgniter\CodeIgniter->runController(Object(App\Controllers\Dokter))
 8 SYSTEMPATH\CodeIgniter.php(368): CodeIgniter\CodeIgniter->handleRequest(null, Object(Config\Cache), false)
 9 FCPATH\index.php(67): CodeIgniter\CodeIgniter->run()
10 SYSTEMPATH\Commands\Server\rewrite.php(47): require_once('C:\\xampp\\htdocs\\housepital\\public\\index.php')
